{"/Users/lucastorresdosanjos/Senomar/nodejs/posts-angular-express/api/src/routes.ts": {"path":"/Users/lucastorresdosanjos/Senomar/nodejs/posts-angular-express/api/src/routes.ts","statementMap":{"0":{"start":{"line":2,"column":0},"end":{"line":2,"column":62}},"1":{"start":{"line":3,"column":0},"end":{"line":3,"column":62}},"2":{"start":{"line":4,"column":0},"end":{"line":4,"column":62}},"3":{"start":{"line":5,"column":0},"end":{"line":5,"column":68}},"4":{"start":{"line":6,"column":0},"end":{"line":6,"column":66}},"5":{"start":{"line":7,"column":0},"end":{"line":7,"column":68}},"6":{"start":{"line":11,"column":2},"end":{"line":11,"column":29}},"7":{"start":{"line":12,"column":2},"end":{"line":12,"column":29}},"8":{"start":{"line":13,"column":2},"end":{"line":13,"column":29}},"9":{"start":{"line":14,"column":2},"end":{"line":14,"column":32}},"10":{"start":{"line":15,"column":2},"end":{"line":15,"column":31}},"11":{"start":{"line":16,"column":2},"end":{"line":16,"column":32}},"12":{"start":{"line":9,"column":0},"end":{"line":9,"column":13}}},"fnMap":{"0":{"name":"(anonymous_0)","decl":{"start":{"line":10,"column":1},"end":{"line":10,"column":13}},"loc":{"start":{"line":10,"column":27},"end":{"line":17,"column":2}}}},"branchMap":{},"s":{"0":2,"1":2,"2":2,"3":2,"4":2,"5":2,"6":2,"7":2,"8":2,"9":2,"10":2,"11":2,"12":2},"f":{"0":2},"b":{}}
,"/Users/lucastorresdosanjos/Senomar/nodejs/posts-angular-express/api/src/server.ts": {"path":"/Users/lucastorresdosanjos/Senomar/nodejs/posts-angular-express/api/src/server.ts","statementMap":{"0":{"start":{"line":1,"column":0},"end":{"line":1,"column":30}},"1":{"start":{"line":2,"column":0},"end":{"line":2,"column":24}},"2":{"start":{"line":4,"column":0},"end":{"line":4,"column":52}},"3":{"start":{"line":5,"column":0},"end":{"line":5,"column":34}},"4":{"start":{"line":6,"column":0},"end":{"line":6,"column":28}},"5":{"start":{"line":7,"column":0},"end":{"line":7,"column":45}},"6":{"start":{"line":8,"column":0},"end":{"line":8,"column":37}},"7":{"start":{"line":9,"column":0},"end":{"line":9,"column":72}},"8":{"start":{"line":11,"column":0},"end":{"line":11,"column":32}},"9":{"start":{"line":13,"column":12},"end":{"line":13,"column":21}},"10":{"start":{"line":44,"column":9},"end":{"line":44,"column":12}},"11":{"start":{"line":15,"column":34},"end":{"line":17,"column":2}},"12":{"start":{"line":19,"column":0},"end":{"line":19,"column":18}},"13":{"start":{"line":21,"column":0},"end":{"line":21,"column":23}},"14":{"start":{"line":22,"column":0},"end":{"line":22,"column":52}},"15":{"start":{"line":24,"column":0},"end":{"line":24,"column":24}},"16":{"start":{"line":26,"column":15},"end":{"line":26,"column":23}},"17":{"start":{"line":28,"column":0},"end":{"line":33,"column":3}},"18":{"start":{"line":29,"column":1},"end":{"line":32,"column":4}},"19":{"start":{"line":35,"column":0},"end":{"line":35,"column":19}},"20":{"start":{"line":37,"column":0},"end":{"line":37,"column":16}},"21":{"start":{"line":39,"column":17},"end":{"line":39,"column":45}},"22":{"start":{"line":40,"column":15},"end":{"line":40,"column":79}},"23":{"start":{"line":40,"column":42},"end":{"line":40,"column":78}},"24":{"start":{"line":44,"column":14},"end":{"line":44,"column":20}},"25":{"start":{"line":42,"column":0},"end":{"line":42,"column":36}}},"fnMap":{"0":{"name":"(anonymous_1)","decl":{"start":{"line":28,"column":16},"end":{"line":28,"column":17}},"loc":{"start":{"line":28,"column":48},"end":{"line":33,"column":1}}},"1":{"name":"(anonymous_2)","decl":{"start":{"line":40,"column":36},"end":{"line":40,"column":39}},"loc":{"start":{"line":40,"column":42},"end":{"line":40,"column":78}}}},"branchMap":{"0":{"loc":{"start":{"line":39,"column":17},"end":{"line":39,"column":45}},"type":"binary-expr","locations":[{"start":{"line":39,"column":17},"end":{"line":39,"column":37}},{"start":{"line":39,"column":41},"end":{"line":39,"column":45}}]}},"s":{"0":2,"1":2,"2":2,"3":2,"4":2,"5":2,"6":2,"7":2,"8":2,"9":2,"10":2,"11":2,"12":2,"13":2,"14":2,"15":2,"16":2,"17":2,"18":0,"19":2,"20":2,"21":2,"22":2,"23":1,"24":2,"25":2},"f":{"0":0,"1":1},"b":{"0":[2,2]}}
,"/Users/lucastorresdosanjos/Senomar/nodejs/posts-angular-express/api/src/controllers/CommentController.ts": {"path":"/Users/lucastorresdosanjos/Senomar/nodejs/posts-angular-express/api/src/controllers/CommentController.ts","statementMap":{"0":{"start":{"line":2,"column":0},"end":{"line":2,"column":46}},"1":{"start":{"line":3,"column":0},"end":{"line":3,"column":63}},"2":{"start":{"line":7,"column":0},"end":{"line":7,"column":54}},"3":{"start":{"line":8,"column":0},"end":{"line":8,"column":54}},"4":{"start":{"line":12,"column":2},"end":{"line":12,"column":51}},"5":{"start":{"line":13,"column":2},"end":{"line":13,"column":27}},"6":{"start":{"line":14,"column":2},"end":{"line":14,"column":26}},"7":{"start":{"line":15,"column":2},"end":{"line":15,"column":29}},"8":{"start":{"line":19,"column":2},"end":{"line":26,"column":5}},"9":{"start":{"line":19,"column":68},"end":{"line":26,"column":4}},"10":{"start":{"line":20,"column":20},"end":{"line":20,"column":62}},"11":{"start":{"line":21,"column":3},"end":{"line":25,"column":4}},"12":{"start":{"line":22,"column":4},"end":{"line":22,"column":33}},"13":{"start":{"line":24,"column":4},"end":{"line":24,"column":53}},"14":{"start":{"line":30,"column":2},"end":{"line":51,"column":5}},"15":{"start":{"line":30,"column":73},"end":{"line":51,"column":4}},"16":{"start":{"line":31,"column":17},"end":{"line":31,"column":44}},"17":{"start":{"line":32,"column":13},"end":{"line":32,"column":73}},"18":{"start":{"line":33,"column":17},"end":{"line":33,"column":59}},"19":{"start":{"line":34,"column":22},"end":{"line":34,"column":74}},"20":{"start":{"line":35,"column":20},"end":{"line":35,"column":59}},"21":{"start":{"line":36,"column":3},"end":{"line":50,"column":4}},"22":{"start":{"line":37,"column":21},"end":{"line":37,"column":63}},"23":{"start":{"line":38,"column":4},"end":{"line":46,"column":7}},"24":{"start":{"line":47,"column":4},"end":{"line":47,"column":33}},"25":{"start":{"line":49,"column":4},"end":{"line":49,"column":52}},"26":{"start":{"line":55,"column":2},"end":{"line":73,"column":5}},"27":{"start":{"line":55,"column":76},"end":{"line":73,"column":4}},"28":{"start":{"line":56,"column":17},"end":{"line":56,"column":44}},"29":{"start":{"line":57,"column":20},"end":{"line":57,"column":65}},"30":{"start":{"line":58,"column":3},"end":{"line":72,"column":4}},"31":{"start":{"line":59,"column":4},"end":{"line":69,"column":5}},"32":{"start":{"line":60,"column":21},"end":{"line":60,"column":69}},"33":{"start":{"line":61,"column":5},"end":{"line":66,"column":6}},"34":{"start":{"line":62,"column":23},"end":{"line":62,"column":67}},"35":{"start":{"line":63,"column":6},"end":{"line":63,"column":35}},"36":{"start":{"line":65,"column":6},"end":{"line":65,"column":56}},"37":{"start":{"line":68,"column":5},"end":{"line":68,"column":67}},"38":{"start":{"line":71,"column":4},"end":{"line":71,"column":53}},"39":{"start":{"line":77,"column":20},"end":{"line":77,"column":71}},"40":{"start":{"line":78,"column":43},"end":{"line":78,"column":45}},"41":{"start":{"line":79,"column":2},"end":{"line":82,"column":3}},"42":{"start":{"line":80,"column":16},"end":{"line":80,"column":57}},"43":{"start":{"line":81,"column":3},"end":{"line":81,"column":40}},"44":{"start":{"line":83,"column":2},"end":{"line":83,"column":22}},"45":{"start":{"line":10,"column":0},"end":{"line":10,"column":13}}},"fnMap":{"0":{"name":"(anonymous_7)","decl":{"start":{"line":11,"column":1},"end":{"line":11,"column":13}},"loc":{"start":{"line":11,"column":27},"end":{"line":16,"column":2}}},"1":{"name":"(anonymous_8)","decl":{"start":{"line":18,"column":15},"end":{"line":18,"column":26}},"loc":{"start":{"line":18,"column":41},"end":{"line":27,"column":null}}},"2":{"name":"(anonymous_10)","decl":{"start":{"line":19,"column":30},"end":{"line":19,"column":37}},"loc":{"start":{"line":19,"column":68},"end":{"line":26,"column":4}}},"3":{"name":"(anonymous_11)","decl":{"start":{"line":19,"column":68},"end":{"line":19,"column":null}},"loc":{"start":{"line":19,"column":68},"end":{"line":26,"column":3}}},"4":{"name":"(anonymous_12)","decl":{"start":{"line":29,"column":15},"end":{"line":29,"column":25}},"loc":{"start":{"line":29,"column":40},"end":{"line":52,"column":null}}},"5":{"name":"(anonymous_14)","decl":{"start":{"line":30,"column":35},"end":{"line":30,"column":42}},"loc":{"start":{"line":30,"column":73},"end":{"line":51,"column":4}}},"6":{"name":"(anonymous_15)","decl":{"start":{"line":30,"column":73},"end":{"line":30,"column":null}},"loc":{"start":{"line":30,"column":73},"end":{"line":51,"column":3}}},"7":{"name":"(anonymous_16)","decl":{"start":{"line":54,"column":15},"end":{"line":54,"column":28}},"loc":{"start":{"line":54,"column":43},"end":{"line":74,"column":null}}},"8":{"name":"(anonymous_18)","decl":{"start":{"line":55,"column":38},"end":{"line":55,"column":45}},"loc":{"start":{"line":55,"column":76},"end":{"line":73,"column":4}}},"9":{"name":"(anonymous_19)","decl":{"start":{"line":55,"column":76},"end":{"line":55,"column":null}},"loc":{"start":{"line":55,"column":76},"end":{"line":73,"column":3}}},"10":{"name":"(anonymous_20)","decl":{"start":{"line":76,"column":15},"end":{"line":76,"column":31}},"loc":{"start":{"line":76,"column":47},"end":{"line":84,"column":null}}}},"branchMap":{"0":{"loc":{"start":{"line":21,"column":3},"end":{"line":25,"column":4}},"type":"if","locations":[{"start":{"line":21,"column":3},"end":{"line":25,"column":4}},{"start":{"line":23,"column":10},"end":{"line":25,"column":4}}]},"1":{"loc":{"start":{"line":31,"column":17},"end":{"line":31,"column":44}},"type":"binary-expr","locations":[{"start":{"line":31,"column":17},"end":{"line":31,"column":38}},{"start":{"line":31,"column":42},"end":{"line":31,"column":44}}]},"2":{"loc":{"start":{"line":36,"column":3},"end":{"line":50,"column":4}},"type":"if","locations":[{"start":{"line":36,"column":3},"end":{"line":50,"column":4}},{"start":{"line":48,"column":10},"end":{"line":50,"column":4}}]},"3":{"loc":{"start":{"line":56,"column":17},"end":{"line":56,"column":44}},"type":"binary-expr","locations":[{"start":{"line":56,"column":17},"end":{"line":56,"column":38}},{"start":{"line":56,"column":42},"end":{"line":56,"column":44}}]},"4":{"loc":{"start":{"line":58,"column":3},"end":{"line":72,"column":4}},"type":"if","locations":[{"start":{"line":58,"column":3},"end":{"line":72,"column":4}},{"start":{"line":70,"column":10},"end":{"line":72,"column":4}}]},"5":{"loc":{"start":{"line":59,"column":4},"end":{"line":69,"column":5}},"type":"if","locations":[{"start":{"line":59,"column":4},"end":{"line":69,"column":5}},{"start":{"line":67,"column":11},"end":{"line":69,"column":5}}]},"6":{"loc":{"start":{"line":61,"column":5},"end":{"line":66,"column":6}},"type":"if","locations":[{"start":{"line":61,"column":5},"end":{"line":66,"column":6}},{"start":{"line":64,"column":12},"end":{"line":66,"column":6}}]}},"s":{"0":2,"1":2,"2":2,"3":2,"4":2,"5":2,"6":2,"7":2,"8":2,"9":0,"10":0,"11":0,"12":0,"13":0,"14":2,"15":0,"16":0,"17":0,"18":0,"19":0,"20":0,"21":0,"22":0,"23":0,"24":0,"25":0,"26":2,"27":0,"28":0,"29":0,"30":0,"31":0,"32":0,"33":0,"34":0,"35":0,"36":0,"37":0,"38":0,"39":0,"40":0,"41":0,"42":0,"43":0,"44":0,"45":2},"f":{"0":2,"1":2,"2":0,"3":0,"4":2,"5":0,"6":0,"7":2,"8":0,"9":0,"10":0},"b":{"0":[0,0],"1":[0,0],"2":[0,0],"3":[0,0],"4":[0,0],"5":[0,0],"6":[0,0]}}
,"/Users/lucastorresdosanjos/Senomar/nodejs/posts-angular-express/api/src/controllers/FriendController.ts": {"path":"/Users/lucastorresdosanjos/Senomar/nodejs/posts-angular-express/api/src/controllers/FriendController.ts","statementMap":{"0":{"start":{"line":2,"column":0},"end":{"line":2,"column":46}},"1":{"start":{"line":3,"column":0},"end":{"line":3,"column":63}},"2":{"start":{"line":10,"column":2},"end":{"line":10,"column":50}},"3":{"start":{"line":11,"column":2},"end":{"line":11,"column":25}},"4":{"start":{"line":12,"column":2},"end":{"line":12,"column":28}},"5":{"start":{"line":13,"column":2},"end":{"line":13,"column":25}},"6":{"start":{"line":14,"column":2},"end":{"line":14,"column":28}},"7":{"start":{"line":18,"column":2},"end":{"line":25,"column":5}},"8":{"start":{"line":18,"column":67},"end":{"line":25,"column":4}},"9":{"start":{"line":19,"column":18},"end":{"line":19,"column":57}},"10":{"start":{"line":20,"column":3},"end":{"line":24,"column":4}},"11":{"start":{"line":21,"column":4},"end":{"line":21,"column":38}},"12":{"start":{"line":23,"column":4},"end":{"line":23,"column":49}},"13":{"start":{"line":29,"column":2},"end":{"line":45,"column":5}},"14":{"start":{"line":29,"column":78},"end":{"line":45,"column":4}},"15":{"start":{"line":30,"column":16},"end":{"line":33,"column":5}},"16":{"start":{"line":34,"column":18},"end":{"line":34,"column":52}},"17":{"start":{"line":35,"column":38},"end":{"line":35,"column":40}},"18":{"start":{"line":36,"column":3},"end":{"line":39,"column":4}},"19":{"start":{"line":37,"column":19},"end":{"line":37,"column":63}},"20":{"start":{"line":38,"column":4},"end":{"line":38,"column":25}},"21":{"start":{"line":40,"column":3},"end":{"line":44,"column":4}},"22":{"start":{"line":41,"column":4},"end":{"line":41,"column":32}},"23":{"start":{"line":43,"column":4},"end":{"line":43,"column":53}},"24":{"start":{"line":49,"column":2},"end":{"line":61,"column":5}},"25":{"start":{"line":49,"column":74},"end":{"line":61,"column":4}},"26":{"start":{"line":50,"column":19},"end":{"line":50,"column":46}},"27":{"start":{"line":51,"column":15},"end":{"line":54,"column":5}},"28":{"start":{"line":55,"column":17},"end":{"line":55,"column":70}},"29":{"start":{"line":56,"column":3},"end":{"line":60,"column":4}},"30":{"start":{"line":57,"column":4},"end":{"line":57,"column":29}},"31":{"start":{"line":59,"column":4},"end":{"line":59,"column":30}},"32":{"start":{"line":65,"column":2},"end":{"line":79,"column":5}},"33":{"start":{"line":65,"column":82},"end":{"line":79,"column":4}},"34":{"start":{"line":66,"column":19},"end":{"line":66,"column":46}},"35":{"start":{"line":67,"column":15},"end":{"line":70,"column":5}},"36":{"start":{"line":71,"column":17},"end":{"line":71,"column":70}},"37":{"start":{"line":72,"column":3},"end":{"line":78,"column":4}},"38":{"start":{"line":73,"column":4},"end":{"line":73,"column":49}},"39":{"start":{"line":74,"column":4},"end":{"line":74,"column":30}},"40":{"start":{"line":76,"column":4},"end":{"line":76,"column":81}},"41":{"start":{"line":77,"column":4},"end":{"line":77,"column":29}},"42":{"start":{"line":83,"column":15},"end":{"line":83,"column":46}},"43":{"start":{"line":84,"column":20},"end":{"line":84,"column":47}},"44":{"start":{"line":85,"column":20},"end":{"line":85,"column":47}},"45":{"start":{"line":86,"column":16},"end":{"line":86,"column":59}},"46":{"start":{"line":87,"column":2},"end":{"line":87,"column":66}},"47":{"start":{"line":91,"column":14},"end":{"line":94,"column":4}},"48":{"start":{"line":95,"column":2},"end":{"line":95,"column":41}},"49":{"start":{"line":99,"column":14},"end":{"line":102,"column":4}},"50":{"start":{"line":103,"column":2},"end":{"line":103,"column":41}},"51":{"start":{"line":8,"column":0},"end":{"line":8,"column":13}}},"fnMap":{"0":{"name":"(anonymous_7)","decl":{"start":{"line":9,"column":1},"end":{"line":9,"column":13}},"loc":{"start":{"line":9,"column":27},"end":{"line":15,"column":2}}},"1":{"name":"(anonymous_8)","decl":{"start":{"line":17,"column":15},"end":{"line":17,"column":24}},"loc":{"start":{"line":17,"column":39},"end":{"line":26,"column":null}}},"2":{"name":"(anonymous_10)","decl":{"start":{"line":18,"column":29},"end":{"line":18,"column":36}},"loc":{"start":{"line":18,"column":67},"end":{"line":25,"column":4}}},"3":{"name":"(anonymous_11)","decl":{"start":{"line":18,"column":67},"end":{"line":18,"column":null}},"loc":{"start":{"line":18,"column":67},"end":{"line":25,"column":3}}},"4":{"name":"(anonymous_12)","decl":{"start":{"line":28,"column":15},"end":{"line":28,"column":27}},"loc":{"start":{"line":28,"column":42},"end":{"line":46,"column":null}}},"5":{"name":"(anonymous_14)","decl":{"start":{"line":29,"column":40},"end":{"line":29,"column":47}},"loc":{"start":{"line":29,"column":78},"end":{"line":45,"column":4}}},"6":{"name":"(anonymous_15)","decl":{"start":{"line":29,"column":78},"end":{"line":29,"column":null}},"loc":{"start":{"line":29,"column":78},"end":{"line":45,"column":3}}},"7":{"name":"(anonymous_16)","decl":{"start":{"line":48,"column":15},"end":{"line":48,"column":24}},"loc":{"start":{"line":48,"column":39},"end":{"line":62,"column":null}}},"8":{"name":"(anonymous_18)","decl":{"start":{"line":49,"column":36},"end":{"line":49,"column":43}},"loc":{"start":{"line":49,"column":74},"end":{"line":61,"column":4}}},"9":{"name":"(anonymous_19)","decl":{"start":{"line":49,"column":74},"end":{"line":49,"column":null}},"loc":{"start":{"line":49,"column":74},"end":{"line":61,"column":3}}},"10":{"name":"(anonymous_20)","decl":{"start":{"line":64,"column":15},"end":{"line":64,"column":27}},"loc":{"start":{"line":64,"column":42},"end":{"line":80,"column":null}}},"11":{"name":"(anonymous_22)","decl":{"start":{"line":65,"column":44},"end":{"line":65,"column":51}},"loc":{"start":{"line":65,"column":82},"end":{"line":79,"column":4}}},"12":{"name":"(anonymous_23)","decl":{"start":{"line":65,"column":82},"end":{"line":65,"column":null}},"loc":{"start":{"line":65,"column":82},"end":{"line":79,"column":3}}},"13":{"name":"(anonymous_24)","decl":{"start":{"line":82,"column":15},"end":{"line":82,"column":28}},"loc":{"start":{"line":82,"column":39},"end":{"line":88,"column":null}}},"14":{"name":"(anonymous_26)","decl":{"start":{"line":90,"column":15},"end":{"line":90,"column":27}},"loc":{"start":{"line":90,"column":38},"end":{"line":96,"column":null}}},"15":{"name":"(anonymous_28)","decl":{"start":{"line":98,"column":15},"end":{"line":98,"column":27}},"loc":{"start":{"line":98,"column":38},"end":{"line":104,"column":null}}}},"branchMap":{"0":{"loc":{"start":{"line":20,"column":3},"end":{"line":24,"column":4}},"type":"if","locations":[{"start":{"line":20,"column":3},"end":{"line":24,"column":4}},{"start":{"line":22,"column":10},"end":{"line":24,"column":4}}]},"1":{"loc":{"start":{"line":40,"column":3},"end":{"line":44,"column":4}},"type":"if","locations":[{"start":{"line":40,"column":3},"end":{"line":44,"column":4}},{"start":{"line":42,"column":10},"end":{"line":44,"column":4}}]},"2":{"loc":{"start":{"line":50,"column":19},"end":{"line":50,"column":46}},"type":"binary-expr","locations":[{"start":{"line":50,"column":19},"end":{"line":50,"column":40}},{"start":{"line":50,"column":44},"end":{"line":50,"column":46}}]},"3":{"loc":{"start":{"line":56,"column":3},"end":{"line":60,"column":4}},"type":"if","locations":[{"start":{"line":56,"column":3},"end":{"line":60,"column":4}},{"start":{"line":58,"column":10},"end":{"line":60,"column":4}}]},"4":{"loc":{"start":{"line":56,"column":7},"end":{"line":56,"column":30}},"type":"binary-expr","locations":[{"start":{"line":56,"column":7},"end":{"line":56,"column":11}},{"start":{"line":56,"column":15},"end":{"line":56,"column":30}}]},"5":{"loc":{"start":{"line":66,"column":19},"end":{"line":66,"column":46}},"type":"binary-expr","locations":[{"start":{"line":66,"column":19},"end":{"line":66,"column":40}},{"start":{"line":66,"column":44},"end":{"line":66,"column":46}}]},"6":{"loc":{"start":{"line":72,"column":3},"end":{"line":78,"column":4}},"type":"if","locations":[{"start":{"line":72,"column":3},"end":{"line":78,"column":4}},{"start":{"line":75,"column":10},"end":{"line":78,"column":4}}]},"7":{"loc":{"start":{"line":72,"column":7},"end":{"line":72,"column":30}},"type":"binary-expr","locations":[{"start":{"line":72,"column":7},"end":{"line":72,"column":11}},{"start":{"line":72,"column":15},"end":{"line":72,"column":30}}]}},"s":{"0":2,"1":2,"2":2,"3":2,"4":2,"5":2,"6":2,"7":2,"8":0,"9":0,"10":0,"11":0,"12":0,"13":2,"14":0,"15":0,"16":0,"17":0,"18":0,"19":0,"20":0,"21":0,"22":0,"23":0,"24":2,"25":0,"26":0,"27":0,"28":0,"29":0,"30":0,"31":0,"32":2,"33":0,"34":0,"35":0,"36":0,"37":0,"38":0,"39":0,"40":0,"41":0,"42":0,"43":0,"44":0,"45":0,"46":0,"47":0,"48":0,"49":0,"50":0,"51":2},"f":{"0":2,"1":2,"2":0,"3":0,"4":2,"5":0,"6":0,"7":2,"8":0,"9":0,"10":2,"11":0,"12":0,"13":0,"14":0,"15":0},"b":{"0":[0,0],"1":[0,0],"2":[0,0],"3":[0,0],"4":[0,0],"5":[0,0],"6":[0,0],"7":[0,0]}}
,"/Users/lucastorresdosanjos/Senomar/nodejs/posts-angular-express/api/src/controllers/LikeController.ts": {"path":"/Users/lucastorresdosanjos/Senomar/nodejs/posts-angular-express/api/src/controllers/LikeController.ts","statementMap":{"0":{"start":{"line":2,"column":0},"end":{"line":2,"column":46}},"1":{"start":{"line":3,"column":0},"end":{"line":3,"column":63}},"2":{"start":{"line":6,"column":0},"end":{"line":6,"column":54}},"3":{"start":{"line":7,"column":0},"end":{"line":7,"column":54}},"4":{"start":{"line":12,"column":2},"end":{"line":12,"column":48}},"5":{"start":{"line":13,"column":2},"end":{"line":13,"column":24}},"6":{"start":{"line":14,"column":2},"end":{"line":14,"column":26}},"7":{"start":{"line":18,"column":2},"end":{"line":25,"column":5}},"8":{"start":{"line":18,"column":65},"end":{"line":25,"column":4}},"9":{"start":{"line":19,"column":17},"end":{"line":19,"column":56}},"10":{"start":{"line":20,"column":3},"end":{"line":24,"column":4}},"11":{"start":{"line":21,"column":4},"end":{"line":21,"column":30}},"12":{"start":{"line":23,"column":4},"end":{"line":23,"column":48}},"13":{"start":{"line":29,"column":2},"end":{"line":63,"column":5}},"14":{"start":{"line":29,"column":73},"end":{"line":63,"column":4}},"15":{"start":{"line":30,"column":17},"end":{"line":30,"column":44}},"16":{"start":{"line":31,"column":16},"end":{"line":31,"column":60}},"17":{"start":{"line":32,"column":18},"end":{"line":32,"column":72}},"18":{"start":{"line":33,"column":16},"end":{"line":33,"column":68}},"19":{"start":{"line":33,"column":44},"end":{"line":33,"column":67}},"20":{"start":{"line":34,"column":17},"end":{"line":34,"column":59}},"21":{"start":{"line":35,"column":22},"end":{"line":35,"column":74}},"22":{"start":{"line":36,"column":3},"end":{"line":62,"column":4}},"23":{"start":{"line":37,"column":20},"end":{"line":37,"column":62}},"24":{"start":{"line":38,"column":4},"end":{"line":48,"column":5}},"25":{"start":{"line":39,"column":19},"end":{"line":39,"column":58}},"26":{"start":{"line":40,"column":5},"end":{"line":40,"column":31}},"27":{"start":{"line":41,"column":5},"end":{"line":45,"column":8}},"28":{"start":{"line":47,"column":5},"end":{"line":47,"column":47}},"29":{"start":{"line":50,"column":21},"end":{"line":50,"column":57}},"30":{"start":{"line":51,"column":4},"end":{"line":61,"column":5}},"31":{"start":{"line":52,"column":19},"end":{"line":52,"column":58}},"32":{"start":{"line":53,"column":5},"end":{"line":53,"column":31}},"33":{"start":{"line":54,"column":5},"end":{"line":58,"column":8}},"34":{"start":{"line":60,"column":5},"end":{"line":60,"column":47}},"35":{"start":{"line":67,"column":17},"end":{"line":67,"column":65}},"36":{"start":{"line":68,"column":37},"end":{"line":68,"column":39}},"37":{"start":{"line":69,"column":2},"end":{"line":72,"column":3}},"38":{"start":{"line":70,"column":16},"end":{"line":70,"column":57}},"39":{"start":{"line":71,"column":3},"end":{"line":71,"column":37}},"40":{"start":{"line":73,"column":2},"end":{"line":73,"column":19}},"41":{"start":{"line":10,"column":0},"end":{"line":10,"column":13}}},"fnMap":{"0":{"name":"(anonymous_7)","decl":{"start":{"line":11,"column":1},"end":{"line":11,"column":13}},"loc":{"start":{"line":11,"column":27},"end":{"line":15,"column":2}}},"1":{"name":"(anonymous_8)","decl":{"start":{"line":17,"column":15},"end":{"line":17,"column":23}},"loc":{"start":{"line":17,"column":38},"end":{"line":26,"column":null}}},"2":{"name":"(anonymous_10)","decl":{"start":{"line":18,"column":27},"end":{"line":18,"column":34}},"loc":{"start":{"line":18,"column":65},"end":{"line":25,"column":4}}},"3":{"name":"(anonymous_11)","decl":{"start":{"line":18,"column":65},"end":{"line":18,"column":null}},"loc":{"start":{"line":18,"column":65},"end":{"line":25,"column":3}}},"4":{"name":"(anonymous_12)","decl":{"start":{"line":28,"column":15},"end":{"line":28,"column":25}},"loc":{"start":{"line":28,"column":40},"end":{"line":64,"column":null}}},"5":{"name":"(anonymous_14)","decl":{"start":{"line":29,"column":35},"end":{"line":29,"column":42}},"loc":{"start":{"line":29,"column":73},"end":{"line":63,"column":4}}},"6":{"name":"(anonymous_15)","decl":{"start":{"line":29,"column":73},"end":{"line":29,"column":null}},"loc":{"start":{"line":29,"column":73},"end":{"line":63,"column":3}}},"7":{"name":"(anonymous_16)","decl":{"start":{"line":33,"column":29},"end":{"line":33,"column":30}},"loc":{"start":{"line":33,"column":44},"end":{"line":33,"column":67}}},"8":{"name":"(anonymous_17)","decl":{"start":{"line":66,"column":15},"end":{"line":66,"column":28}},"loc":{"start":{"line":66,"column":44},"end":{"line":74,"column":null}}}},"branchMap":{"0":{"loc":{"start":{"line":20,"column":3},"end":{"line":24,"column":4}},"type":"if","locations":[{"start":{"line":20,"column":3},"end":{"line":24,"column":4}},{"start":{"line":22,"column":10},"end":{"line":24,"column":4}}]},"1":{"loc":{"start":{"line":30,"column":17},"end":{"line":30,"column":44}},"type":"binary-expr","locations":[{"start":{"line":30,"column":17},"end":{"line":30,"column":38}},{"start":{"line":30,"column":42},"end":{"line":30,"column":44}}]},"2":{"loc":{"start":{"line":36,"column":3},"end":{"line":62,"column":4}},"type":"if","locations":[{"start":{"line":36,"column":3},"end":{"line":62,"column":4}},{"start":{"line":49,"column":10},"end":{"line":62,"column":4}}]},"3":{"loc":{"start":{"line":38,"column":4},"end":{"line":48,"column":5}},"type":"if","locations":[{"start":{"line":38,"column":4},"end":{"line":48,"column":5}},{"start":{"line":46,"column":11},"end":{"line":48,"column":5}}]},"4":{"loc":{"start":{"line":51,"column":4},"end":{"line":61,"column":5}},"type":"if","locations":[{"start":{"line":51,"column":4},"end":{"line":61,"column":5}},{"start":{"line":59,"column":11},"end":{"line":61,"column":5}}]}},"s":{"0":2,"1":2,"2":2,"3":2,"4":2,"5":2,"6":2,"7":2,"8":0,"9":0,"10":0,"11":0,"12":0,"13":2,"14":0,"15":0,"16":0,"17":0,"18":0,"19":0,"20":0,"21":0,"22":0,"23":0,"24":0,"25":0,"26":0,"27":0,"28":0,"29":0,"30":0,"31":0,"32":0,"33":0,"34":0,"35":0,"36":0,"37":0,"38":0,"39":0,"40":0,"41":2},"f":{"0":2,"1":2,"2":0,"3":0,"4":2,"5":0,"6":0,"7":0,"8":0},"b":{"0":[0,0],"1":[0,0],"2":[0,0],"3":[0,0],"4":[0,0]}}
,"/Users/lucastorresdosanjos/Senomar/nodejs/posts-angular-express/api/src/controllers/MailerController.ts": {"path":"/Users/lucastorresdosanjos/Senomar/nodejs/posts-angular-express/api/src/controllers/MailerController.ts","statementMap":{"0":{"start":{"line":1,"column":0},"end":{"line":1,"column":53}},"1":{"start":{"line":9,"column":45},"end":{"line":17,"column":4}},"2":{"start":{"line":18,"column":2},"end":{"line":18,"column":61}},"3":{"start":{"line":20,"column":15},"end":{"line":22,"column":null}},"4":{"start":{"line":25,"column":2},"end":{"line":32,"column":5}},"5":{"start":{"line":26,"column":3},"end":{"line":31,"column":4}},"6":{"start":{"line":27,"column":4},"end":{"line":27,"column":23}},"7":{"start":{"line":29,"column":4},"end":{"line":29,"column":45}},"8":{"start":{"line":30,"column":4},"end":{"line":30,"column":31}},"9":{"start":{"line":5,"column":0},"end":{"line":5,"column":13}}},"fnMap":{"0":{"name":"(anonymous_1)","decl":{"start":{"line":8,"column":8},"end":{"line":8,"column":14}},"loc":{"start":{"line":8,"column":58},"end":{"line":33,"column":2}}},"1":{"name":"(anonymous_2)","decl":{"start":{"line":25,"column":37},"end":{"line":25,"column":38}},"loc":{"start":{"line":25,"column":53},"end":{"line":32,"column":3}}}},"branchMap":{"0":{"loc":{"start":{"line":11,"column":18},"end":{"line":11,"column":48}},"type":"cond-expr","locations":[{"start":{"line":11,"column":39},"end":{"line":11,"column":43}},{"start":{"line":11,"column":43},"end":{"line":11,"column":48}}]},"1":{"loc":{"start":{"line":11,"column":18},"end":{"line":11,"column":43}},"type":"binary-expr","locations":[{"start":{"line":11,"column":18},"end":{"line":11,"column":43}},{"start":{"line":11,"column":39},"end":{"line":11,"column":43}}]},"2":{"loc":{"start":{"line":26,"column":3},"end":{"line":31,"column":4}},"type":"if","locations":[{"start":{"line":26,"column":3},"end":{"line":31,"column":4}},{"start":{"line":28,"column":10},"end":{"line":31,"column":4}}]}},"s":{"0":2,"1":0,"2":0,"3":0,"4":0,"5":0,"6":0,"7":0,"8":0,"9":2},"f":{"0":0,"1":0},"b":{"0":[0,0],"1":[0,0],"2":[0,0]}}
,"/Users/lucastorresdosanjos/Senomar/nodejs/posts-angular-express/api/src/controllers/MessageController.ts": {"path":"/Users/lucastorresdosanjos/Senomar/nodejs/posts-angular-express/api/src/controllers/MessageController.ts","statementMap":{"0":{"start":{"line":2,"column":0},"end":{"line":2,"column":46}},"1":{"start":{"line":3,"column":0},"end":{"line":3,"column":63}},"2":{"start":{"line":9,"column":2},"end":{"line":9,"column":51}},"3":{"start":{"line":10,"column":2},"end":{"line":10,"column":27}},"4":{"start":{"line":11,"column":2},"end":{"line":11,"column":33}},"5":{"start":{"line":12,"column":2},"end":{"line":12,"column":32}},"6":{"start":{"line":13,"column":2},"end":{"line":13,"column":26}},"7":{"start":{"line":17,"column":2},"end":{"line":38,"column":5}},"8":{"start":{"line":17,"column":75},"end":{"line":38,"column":4}},"9":{"start":{"line":18,"column":17},"end":{"line":18,"column":44}},"10":{"start":{"line":19,"column":17},"end":{"line":19,"column":177}},"11":{"start":{"line":20,"column":15},"end":{"line":20,"column":70}},"12":{"start":{"line":21,"column":19},"end":{"line":21,"column":179}},"13":{"start":{"line":22,"column":17},"end":{"line":22,"column":74}},"14":{"start":{"line":23,"column":18},"end":{"line":23,"column":34}},"15":{"start":{"line":24,"column":58},"end":{"line":24,"column":60}},"16":{"start":{"line":25,"column":3},"end":{"line":30,"column":6}},"17":{"start":{"line":26,"column":16},"end":{"line":26,"column":23}},"18":{"start":{"line":27,"column":4},"end":{"line":29,"column":5}},"19":{"start":{"line":28,"column":5},"end":{"line":28,"column":30}},"20":{"start":{"line":31,"column":21},"end":{"line":31,"column":100}},"21":{"start":{"line":32,"column":3},"end":{"line":32,"column":63}},"22":{"start":{"line":33,"column":3},"end":{"line":37,"column":6}},"23":{"start":{"line":35,"column":5},"end":{"line":35,"column":28}},"24":{"start":{"line":42,"column":2},"end":{"line":47,"column":5}},"25":{"start":{"line":42,"column":78},"end":{"line":47,"column":4}},"26":{"start":{"line":43,"column":17},"end":{"line":43,"column":44}},"27":{"start":{"line":44,"column":21},"end":{"line":44,"column":100}},"28":{"start":{"line":45,"column":3},"end":{"line":45,"column":63}},"29":{"start":{"line":46,"column":3},"end":{"line":46,"column":26}},"30":{"start":{"line":51,"column":2},"end":{"line":72,"column":5}},"31":{"start":{"line":51,"column":70},"end":{"line":72,"column":4}},"32":{"start":{"line":52,"column":17},"end":{"line":52,"column":44}},"33":{"start":{"line":53,"column":21},"end":{"line":53,"column":113}},"34":{"start":{"line":54,"column":19},"end":{"line":54,"column":70}},"35":{"start":{"line":55,"column":37},"end":{"line":55,"column":39}},"36":{"start":{"line":56,"column":3},"end":{"line":60,"column":4}},"37":{"start":{"line":57,"column":16},"end":{"line":57,"column":101}},"38":{"start":{"line":58,"column":17},"end":{"line":58,"column":70}},"39":{"start":{"line":59,"column":4},"end":{"line":59,"column":26}},"40":{"start":{"line":61,"column":32},"end":{"line":61,"column":34}},"41":{"start":{"line":62,"column":3},"end":{"line":70,"column":4}},"42":{"start":{"line":63,"column":4},"end":{"line":69,"column":5}},"43":{"start":{"line":64,"column":21},"end":{"line":64,"column":63}},"44":{"start":{"line":65,"column":5},"end":{"line":65,"column":58}},"45":{"start":{"line":66,"column":11},"end":{"line":69,"column":5}},"46":{"start":{"line":67,"column":21},"end":{"line":67,"column":65}},"47":{"start":{"line":68,"column":5},"end":{"line":68,"column":58}},"48":{"start":{"line":71,"column":3},"end":{"line":71,"column":37}},"49":{"start":{"line":76,"column":16},"end":{"line":76,"column":70}},"50":{"start":{"line":76,"column":50},"end":{"line":76,"column":69}},"51":{"start":{"line":77,"column":2},"end":{"line":95,"column":3}},"52":{"start":{"line":78,"column":3},"end":{"line":84,"column":6}},"53":{"start":{"line":86,"column":3},"end":{"line":94,"column":4}},"54":{"start":{"line":87,"column":4},"end":{"line":93,"column":6}},"55":{"start":{"line":96,"column":2},"end":{"line":96,"column":18}},"56":{"start":{"line":100,"column":2},"end":{"line":111,"column":5}},"57":{"start":{"line":100,"column":84},"end":{"line":111,"column":4}},"58":{"start":{"line":101,"column":16},"end":{"line":104,"column":5}},"59":{"start":{"line":105,"column":18},"end":{"line":105,"column":52}},"60":{"start":{"line":106,"column":3},"end":{"line":110,"column":4}},"61":{"start":{"line":107,"column":4},"end":{"line":107,"column":30}},"62":{"start":{"line":109,"column":4},"end":{"line":109,"column":54}},"63":{"start":{"line":7,"column":0},"end":{"line":7,"column":13}}},"fnMap":{"0":{"name":"(anonymous_7)","decl":{"start":{"line":8,"column":1},"end":{"line":8,"column":13}},"loc":{"start":{"line":8,"column":27},"end":{"line":14,"column":2}}},"1":{"name":"(anonymous_8)","decl":{"start":{"line":16,"column":15},"end":{"line":16,"column":26}},"loc":{"start":{"line":16,"column":41},"end":{"line":39,"column":null}}},"2":{"name":"(anonymous_10)","decl":{"start":{"line":17,"column":37},"end":{"line":17,"column":44}},"loc":{"start":{"line":17,"column":75},"end":{"line":38,"column":4}}},"3":{"name":"(anonymous_11)","decl":{"start":{"line":17,"column":75},"end":{"line":17,"column":null}},"loc":{"start":{"line":17,"column":75},"end":{"line":38,"column":3}}},"4":{"name":"(anonymous_12)","decl":{"start":{"line":25,"column":14},"end":{"line":25,"column":15}},"loc":{"start":{"line":25,"column":23},"end":{"line":30,"column":4}}},"5":{"name":"(anonymous_13)","decl":{"start":{"line":34,"column":43},"end":{"line":34,"column":44}},"loc":{"start":{"line":34,"column":52},"end":{"line":36,"column":5}}},"6":{"name":"(anonymous_14)","decl":{"start":{"line":41,"column":15},"end":{"line":41,"column":32}},"loc":{"start":{"line":41,"column":47},"end":{"line":48,"column":null}}},"7":{"name":"(anonymous_16)","decl":{"start":{"line":42,"column":40},"end":{"line":42,"column":47}},"loc":{"start":{"line":42,"column":78},"end":{"line":47,"column":4}}},"8":{"name":"(anonymous_17)","decl":{"start":{"line":42,"column":78},"end":{"line":42,"column":null}},"loc":{"start":{"line":42,"column":78},"end":{"line":47,"column":3}}},"9":{"name":"(anonymous_18)","decl":{"start":{"line":50,"column":15},"end":{"line":50,"column":31}},"loc":{"start":{"line":50,"column":46},"end":{"line":73,"column":null}}},"10":{"name":"(anonymous_20)","decl":{"start":{"line":51,"column":32},"end":{"line":51,"column":39}},"loc":{"start":{"line":51,"column":70},"end":{"line":72,"column":4}}},"11":{"name":"(anonymous_21)","decl":{"start":{"line":51,"column":70},"end":{"line":51,"column":null}},"loc":{"start":{"line":51,"column":70},"end":{"line":72,"column":3}}},"12":{"name":"(anonymous_22)","decl":{"start":{"line":75,"column":9},"end":{"line":75,"column":23}},"loc":{"start":{"line":75,"column":62},"end":{"line":97,"column":2}}},"13":{"name":"(anonymous_23)","decl":{"start":{"line":76,"column":35},"end":{"line":76,"column":36}},"loc":{"start":{"line":76,"column":50},"end":{"line":76,"column":69}}},"14":{"name":"(anonymous_24)","decl":{"start":{"line":99,"column":15},"end":{"line":99,"column":25}},"loc":{"start":{"line":99,"column":40},"end":{"line":112,"column":null}}},"15":{"name":"(anonymous_26)","decl":{"start":{"line":100,"column":46},"end":{"line":100,"column":53}},"loc":{"start":{"line":100,"column":84},"end":{"line":111,"column":4}}},"16":{"name":"(anonymous_27)","decl":{"start":{"line":100,"column":84},"end":{"line":100,"column":null}},"loc":{"start":{"line":100,"column":84},"end":{"line":111,"column":3}}}},"branchMap":{"0":{"loc":{"start":{"line":18,"column":17},"end":{"line":18,"column":44}},"type":"binary-expr","locations":[{"start":{"line":18,"column":17},"end":{"line":18,"column":38}},{"start":{"line":18,"column":42},"end":{"line":18,"column":44}}]},"1":{"loc":{"start":{"line":27,"column":4},"end":{"line":29,"column":5}},"type":"if","locations":[{"start":{"line":27,"column":4},"end":{"line":29,"column":5}},{"start":{},"end":{}}]},"2":{"loc":{"start":{"line":43,"column":17},"end":{"line":43,"column":44}},"type":"binary-expr","locations":[{"start":{"line":43,"column":17},"end":{"line":43,"column":38}},{"start":{"line":43,"column":42},"end":{"line":43,"column":44}}]},"3":{"loc":{"start":{"line":52,"column":17},"end":{"line":52,"column":44}},"type":"binary-expr","locations":[{"start":{"line":52,"column":17},"end":{"line":52,"column":38}},{"start":{"line":52,"column":42},"end":{"line":52,"column":44}}]},"4":{"loc":{"start":{"line":63,"column":4},"end":{"line":69,"column":5}},"type":"if","locations":[{"start":{"line":63,"column":4},"end":{"line":69,"column":5}},{"start":{"line":66,"column":11},"end":{"line":69,"column":5}}]},"5":{"loc":{"start":{"line":66,"column":11},"end":{"line":69,"column":5}},"type":"if","locations":[{"start":{"line":66,"column":11},"end":{"line":69,"column":5}},{"start":{},"end":{}}]},"6":{"loc":{"start":{"line":77,"column":2},"end":{"line":95,"column":3}},"type":"if","locations":[{"start":{"line":77,"column":2},"end":{"line":95,"column":3}},{"start":{"line":85,"column":9},"end":{"line":95,"column":3}}]},"7":{"loc":{"start":{"line":86,"column":3},"end":{"line":94,"column":4}},"type":"if","locations":[{"start":{"line":86,"column":3},"end":{"line":94,"column":4}},{"start":{},"end":{}}]},"8":{"loc":{"start":{"line":106,"column":3},"end":{"line":110,"column":4}},"type":"if","locations":[{"start":{"line":106,"column":3},"end":{"line":110,"column":4}},{"start":{"line":108,"column":10},"end":{"line":110,"column":4}}]}},"s":{"0":2,"1":2,"2":2,"3":2,"4":2,"5":2,"6":2,"7":2,"8":0,"9":0,"10":0,"11":0,"12":0,"13":0,"14":0,"15":0,"16":0,"17":0,"18":0,"19":0,"20":0,"21":0,"22":0,"23":0,"24":2,"25":0,"26":0,"27":0,"28":0,"29":0,"30":2,"31":0,"32":0,"33":0,"34":0,"35":0,"36":0,"37":0,"38":0,"39":0,"40":0,"41":0,"42":0,"43":0,"44":0,"45":0,"46":0,"47":0,"48":0,"49":0,"50":0,"51":0,"52":0,"53":0,"54":0,"55":0,"56":2,"57":0,"58":0,"59":0,"60":0,"61":0,"62":0,"63":2},"f":{"0":2,"1":2,"2":0,"3":0,"4":0,"5":0,"6":2,"7":0,"8":0,"9":2,"10":0,"11":0,"12":0,"13":0,"14":2,"15":0,"16":0},"b":{"0":[0,0],"1":[0,0],"2":[0,0],"3":[0,0],"4":[0,0],"5":[0,0],"6":[0,0],"7":[0,0],"8":[0,0]}}
,"/Users/lucastorresdosanjos/Senomar/nodejs/posts-angular-express/api/src/controllers/PostController.ts": {"path":"/Users/lucastorresdosanjos/Senomar/nodejs/posts-angular-express/api/src/controllers/PostController.ts","statementMap":{"0":{"start":{"line":2,"column":0},"end":{"line":2,"column":46}},"1":{"start":{"line":3,"column":0},"end":{"line":3,"column":63}},"2":{"start":{"line":9,"column":2},"end":{"line":9,"column":48}},"3":{"start":{"line":10,"column":2},"end":{"line":10,"column":24}},"4":{"start":{"line":11,"column":2},"end":{"line":11,"column":25}},"5":{"start":{"line":12,"column":2},"end":{"line":12,"column":26}},"6":{"start":{"line":13,"column":2},"end":{"line":13,"column":23}},"7":{"start":{"line":14,"column":2},"end":{"line":14,"column":26}},"8":{"start":{"line":15,"column":2},"end":{"line":15,"column":26}},"9":{"start":{"line":19,"column":2},"end":{"line":27,"column":5}},"10":{"start":{"line":19,"column":61},"end":{"line":27,"column":4}},"11":{"start":{"line":20,"column":17},"end":{"line":20,"column":44}},"12":{"start":{"line":21,"column":17},"end":{"line":21,"column":76}},"13":{"start":{"line":22,"column":3},"end":{"line":26,"column":4}},"14":{"start":{"line":23,"column":4},"end":{"line":23,"column":30}},"15":{"start":{"line":25,"column":4},"end":{"line":25,"column":47}},"16":{"start":{"line":31,"column":2},"end":{"line":39,"column":5}},"17":{"start":{"line":31,"column":67},"end":{"line":39,"column":4}},"18":{"start":{"line":32,"column":18},"end":{"line":32,"column":50}},"19":{"start":{"line":33,"column":21},"end":{"line":33,"column":52}},"20":{"start":{"line":34,"column":3},"end":{"line":38,"column":4}},"21":{"start":{"line":35,"column":4},"end":{"line":35,"column":34}},"22":{"start":{"line":37,"column":4},"end":{"line":37,"column":47}},"23":{"start":{"line":43,"column":2},"end":{"line":55,"column":5}},"24":{"start":{"line":43,"column":76},"end":{"line":55,"column":4}},"25":{"start":{"line":44,"column":16},"end":{"line":47,"column":5}},"26":{"start":{"line":48,"column":18},"end":{"line":48,"column":52}},"27":{"start":{"line":49,"column":21},"end":{"line":49,"column":52}},"28":{"start":{"line":50,"column":3},"end":{"line":54,"column":4}},"29":{"start":{"line":51,"column":4},"end":{"line":51,"column":34}},"30":{"start":{"line":53,"column":4},"end":{"line":53,"column":47}},"31":{"start":{"line":59,"column":2},"end":{"line":71,"column":5}},"32":{"start":{"line":59,"column":65},"end":{"line":71,"column":4}},"33":{"start":{"line":60,"column":17},"end":{"line":60,"column":59}},"34":{"start":{"line":61,"column":17},"end":{"line":61,"column":44}},"35":{"start":{"line":62,"column":3},"end":{"line":70,"column":4}},"36":{"start":{"line":63,"column":4},"end":{"line":67,"column":5}},"37":{"start":{"line":64,"column":5},"end":{"line":64,"column":30}},"38":{"start":{"line":66,"column":5},"end":{"line":66,"column":61}},"39":{"start":{"line":69,"column":4},"end":{"line":69,"column":47}},"40":{"start":{"line":75,"column":2},"end":{"line":86,"column":5}},"41":{"start":{"line":75,"column":66},"end":{"line":86,"column":4}},"42":{"start":{"line":76,"column":17},"end":{"line":76,"column":44}},"43":{"start":{"line":77,"column":3},"end":{"line":77,"column":22}},"44":{"start":{"line":78,"column":3},"end":{"line":78,"column":24}},"45":{"start":{"line":79,"column":13},"end":{"line":79,"column":49}},"46":{"start":{"line":80,"column":16},"end":{"line":80,"column":52}},"47":{"start":{"line":81,"column":3},"end":{"line":85,"column":4}},"48":{"start":{"line":82,"column":4},"end":{"line":82,"column":29}},"49":{"start":{"line":84,"column":4},"end":{"line":84,"column":46}},"50":{"start":{"line":90,"column":2},"end":{"line":110,"column":5}},"51":{"start":{"line":90,"column":73},"end":{"line":110,"column":4}},"52":{"start":{"line":91,"column":17},"end":{"line":91,"column":59}},"53":{"start":{"line":92,"column":17},"end":{"line":92,"column":44}},"54":{"start":{"line":93,"column":3},"end":{"line":109,"column":4}},"55":{"start":{"line":94,"column":4},"end":{"line":106,"column":5}},"56":{"start":{"line":95,"column":5},"end":{"line":95,"column":24}},"57":{"start":{"line":96,"column":5},"end":{"line":96,"column":29}},"58":{"start":{"line":97,"column":5},"end":{"line":97,"column":26}},"59":{"start":{"line":98,"column":21},"end":{"line":98,"column":76}},"60":{"start":{"line":99,"column":5},"end":{"line":103,"column":6}},"61":{"start":{"line":100,"column":6},"end":{"line":100,"column":34}},"62":{"start":{"line":102,"column":6},"end":{"line":102,"column":52}},"63":{"start":{"line":105,"column":5},"end":{"line":105,"column":61}},"64":{"start":{"line":108,"column":4},"end":{"line":108,"column":47}},"65":{"start":{"line":114,"column":37},"end":{"line":114,"column":39}},"66":{"start":{"line":115,"column":2},"end":{"line":118,"column":3}},"67":{"start":{"line":116,"column":16},"end":{"line":116,"column":68}},"68":{"start":{"line":117,"column":3},"end":{"line":117,"column":37}},"69":{"start":{"line":119,"column":2},"end":{"line":119,"column":19}},"70":{"start":{"line":7,"column":0},"end":{"line":7,"column":13}}},"fnMap":{"0":{"name":"(anonymous_7)","decl":{"start":{"line":8,"column":1},"end":{"line":8,"column":13}},"loc":{"start":{"line":8,"column":27},"end":{"line":16,"column":2}}},"1":{"name":"(anonymous_8)","decl":{"start":{"line":18,"column":15},"end":{"line":18,"column":23}},"loc":{"start":{"line":18,"column":38},"end":{"line":28,"column":null}}},"2":{"name":"(anonymous_10)","decl":{"start":{"line":19,"column":23},"end":{"line":19,"column":30}},"loc":{"start":{"line":19,"column":61},"end":{"line":27,"column":4}}},"3":{"name":"(anonymous_11)","decl":{"start":{"line":19,"column":61},"end":{"line":19,"column":null}},"loc":{"start":{"line":19,"column":61},"end":{"line":27,"column":3}}},"4":{"name":"(anonymous_12)","decl":{"start":{"line":30,"column":15},"end":{"line":30,"column":24}},"loc":{"start":{"line":30,"column":39},"end":{"line":40,"column":null}}},"5":{"name":"(anonymous_14)","decl":{"start":{"line":31,"column":29},"end":{"line":31,"column":36}},"loc":{"start":{"line":31,"column":67},"end":{"line":39,"column":4}}},"6":{"name":"(anonymous_15)","decl":{"start":{"line":31,"column":67},"end":{"line":31,"column":null}},"loc":{"start":{"line":31,"column":67},"end":{"line":39,"column":3}}},"7":{"name":"(anonymous_16)","decl":{"start":{"line":42,"column":15},"end":{"line":42,"column":25}},"loc":{"start":{"line":42,"column":40},"end":{"line":56,"column":null}}},"8":{"name":"(anonymous_18)","decl":{"start":{"line":43,"column":38},"end":{"line":43,"column":45}},"loc":{"start":{"line":43,"column":76},"end":{"line":55,"column":4}}},"9":{"name":"(anonymous_19)","decl":{"start":{"line":43,"column":76},"end":{"line":43,"column":null}},"loc":{"start":{"line":43,"column":76},"end":{"line":55,"column":3}}},"10":{"name":"(anonymous_20)","decl":{"start":{"line":58,"column":15},"end":{"line":58,"column":22}},"loc":{"start":{"line":58,"column":37},"end":{"line":72,"column":null}}},"11":{"name":"(anonymous_22)","decl":{"start":{"line":59,"column":27},"end":{"line":59,"column":34}},"loc":{"start":{"line":59,"column":65},"end":{"line":71,"column":4}}},"12":{"name":"(anonymous_23)","decl":{"start":{"line":59,"column":65},"end":{"line":59,"column":null}},"loc":{"start":{"line":59,"column":65},"end":{"line":71,"column":3}}},"13":{"name":"(anonymous_24)","decl":{"start":{"line":74,"column":15},"end":{"line":74,"column":25}},"loc":{"start":{"line":74,"column":40},"end":{"line":87,"column":null}}},"14":{"name":"(anonymous_26)","decl":{"start":{"line":75,"column":28},"end":{"line":75,"column":35}},"loc":{"start":{"line":75,"column":66},"end":{"line":86,"column":4}}},"15":{"name":"(anonymous_27)","decl":{"start":{"line":75,"column":66},"end":{"line":75,"column":null}},"loc":{"start":{"line":75,"column":66},"end":{"line":86,"column":3}}},"16":{"name":"(anonymous_28)","decl":{"start":{"line":89,"column":15},"end":{"line":89,"column":25}},"loc":{"start":{"line":89,"column":40},"end":{"line":111,"column":null}}},"17":{"name":"(anonymous_30)","decl":{"start":{"line":90,"column":35},"end":{"line":90,"column":42}},"loc":{"start":{"line":90,"column":73},"end":{"line":110,"column":4}}},"18":{"name":"(anonymous_31)","decl":{"start":{"line":90,"column":73},"end":{"line":90,"column":null}},"loc":{"start":{"line":90,"column":73},"end":{"line":110,"column":3}}},"19":{"name":"(anonymous_32)","decl":{"start":{"line":113,"column":15},"end":{"line":113,"column":28}},"loc":{"start":{"line":113,"column":51},"end":{"line":120,"column":null}}}},"branchMap":{"0":{"loc":{"start":{"line":20,"column":17},"end":{"line":20,"column":44}},"type":"binary-expr","locations":[{"start":{"line":20,"column":17},"end":{"line":20,"column":38}},{"start":{"line":20,"column":42},"end":{"line":20,"column":44}}]},"1":{"loc":{"start":{"line":22,"column":3},"end":{"line":26,"column":4}},"type":"if","locations":[{"start":{"line":22,"column":3},"end":{"line":26,"column":4}},{"start":{"line":24,"column":10},"end":{"line":26,"column":4}}]},"2":{"loc":{"start":{"line":34,"column":3},"end":{"line":38,"column":4}},"type":"if","locations":[{"start":{"line":34,"column":3},"end":{"line":38,"column":4}},{"start":{"line":36,"column":10},"end":{"line":38,"column":4}}]},"3":{"loc":{"start":{"line":50,"column":3},"end":{"line":54,"column":4}},"type":"if","locations":[{"start":{"line":50,"column":3},"end":{"line":54,"column":4}},{"start":{"line":52,"column":10},"end":{"line":54,"column":4}}]},"4":{"loc":{"start":{"line":61,"column":17},"end":{"line":61,"column":44}},"type":"binary-expr","locations":[{"start":{"line":61,"column":17},"end":{"line":61,"column":38}},{"start":{"line":61,"column":42},"end":{"line":61,"column":44}}]},"5":{"loc":{"start":{"line":62,"column":3},"end":{"line":70,"column":4}},"type":"if","locations":[{"start":{"line":62,"column":3},"end":{"line":70,"column":4}},{"start":{"line":68,"column":10},"end":{"line":70,"column":4}}]},"6":{"loc":{"start":{"line":63,"column":4},"end":{"line":67,"column":5}},"type":"if","locations":[{"start":{"line":63,"column":4},"end":{"line":67,"column":5}},{"start":{"line":65,"column":11},"end":{"line":67,"column":5}}]},"7":{"loc":{"start":{"line":76,"column":17},"end":{"line":76,"column":44}},"type":"binary-expr","locations":[{"start":{"line":76,"column":17},"end":{"line":76,"column":38}},{"start":{"line":76,"column":42},"end":{"line":76,"column":44}}]},"8":{"loc":{"start":{"line":81,"column":3},"end":{"line":85,"column":4}},"type":"if","locations":[{"start":{"line":81,"column":3},"end":{"line":85,"column":4}},{"start":{"line":83,"column":10},"end":{"line":85,"column":4}}]},"9":{"loc":{"start":{"line":92,"column":17},"end":{"line":92,"column":44}},"type":"binary-expr","locations":[{"start":{"line":92,"column":17},"end":{"line":92,"column":38}},{"start":{"line":92,"column":42},"end":{"line":92,"column":44}}]},"10":{"loc":{"start":{"line":93,"column":3},"end":{"line":109,"column":4}},"type":"if","locations":[{"start":{"line":93,"column":3},"end":{"line":109,"column":4}},{"start":{"line":107,"column":10},"end":{"line":109,"column":4}}]},"11":{"loc":{"start":{"line":94,"column":4},"end":{"line":106,"column":5}},"type":"if","locations":[{"start":{"line":94,"column":4},"end":{"line":106,"column":5}},{"start":{"line":104,"column":11},"end":{"line":106,"column":5}}]},"12":{"loc":{"start":{"line":99,"column":5},"end":{"line":103,"column":6}},"type":"if","locations":[{"start":{"line":99,"column":5},"end":{"line":103,"column":6}},{"start":{"line":101,"column":12},"end":{"line":103,"column":6}}]}},"s":{"0":2,"1":2,"2":2,"3":2,"4":2,"5":2,"6":2,"7":2,"8":2,"9":2,"10":0,"11":0,"12":0,"13":0,"14":0,"15":0,"16":2,"17":0,"18":0,"19":0,"20":0,"21":0,"22":0,"23":2,"24":0,"25":0,"26":0,"27":0,"28":0,"29":0,"30":0,"31":2,"32":0,"33":0,"34":0,"35":0,"36":0,"37":0,"38":0,"39":0,"40":2,"41":0,"42":0,"43":0,"44":0,"45":0,"46":0,"47":0,"48":0,"49":0,"50":2,"51":0,"52":0,"53":0,"54":0,"55":0,"56":0,"57":0,"58":0,"59":0,"60":0,"61":0,"62":0,"63":0,"64":0,"65":0,"66":0,"67":0,"68":0,"69":0,"70":2},"f":{"0":2,"1":2,"2":0,"3":0,"4":2,"5":0,"6":0,"7":2,"8":0,"9":0,"10":2,"11":0,"12":0,"13":2,"14":0,"15":0,"16":2,"17":0,"18":0,"19":0},"b":{"0":[0,0],"1":[0,0],"2":[0,0],"3":[0,0],"4":[0,0],"5":[0,0],"6":[0,0],"7":[0,0],"8":[0,0],"9":[0,0],"10":[0,0],"11":[0,0],"12":[0,0]}}
,"/Users/lucastorresdosanjos/Senomar/nodejs/posts-angular-express/api/src/controllers/UserController.ts": {"path":"/Users/lucastorresdosanjos/Senomar/nodejs/posts-angular-express/api/src/controllers/UserController.ts","statementMap":{"0":{"start":{"line":2,"column":0},"end":{"line":2,"column":46}},"1":{"start":{"line":3,"column":0},"end":{"line":3,"column":36}},"2":{"start":{"line":4,"column":0},"end":{"line":4,"column":63}},"3":{"start":{"line":6,"column":0},"end":{"line":6,"column":34}},"4":{"start":{"line":7,"column":0},"end":{"line":7,"column":50}},"5":{"start":{"line":8,"column":0},"end":{"line":8,"column":48}},"6":{"start":{"line":9,"column":0},"end":{"line":9,"column":32}},"7":{"start":{"line":10,"column":0},"end":{"line":10,"column":54}},"8":{"start":{"line":11,"column":0},"end":{"line":11,"column":54}},"9":{"start":{"line":15,"column":2},"end":{"line":15,"column":48}},"10":{"start":{"line":16,"column":2},"end":{"line":16,"column":24}},"11":{"start":{"line":17,"column":2},"end":{"line":17,"column":21}},"12":{"start":{"line":18,"column":2},"end":{"line":18,"column":34}},"13":{"start":{"line":19,"column":2},"end":{"line":19,"column":36}},"14":{"start":{"line":20,"column":2},"end":{"line":20,"column":23}},"15":{"start":{"line":21,"column":2},"end":{"line":21,"column":26}},"16":{"start":{"line":22,"column":2},"end":{"line":22,"column":30}},"17":{"start":{"line":23,"column":2},"end":{"line":23,"column":27}},"18":{"start":{"line":24,"column":2},"end":{"line":24,"column":25}},"19":{"start":{"line":28,"column":2},"end":{"line":49,"column":5}},"20":{"start":{"line":28,"column":65},"end":{"line":49,"column":4}},"21":{"start":{"line":29,"column":16},"end":{"line":29,"column":103}},"22":{"start":{"line":30,"column":3},"end":{"line":48,"column":4}},"23":{"start":{"line":31,"column":4},"end":{"line":31,"column":50}},"24":{"start":{"line":33,"column":23},"end":{"line":33,"column":48}},"25":{"start":{"line":34,"column":4},"end":{"line":34,"column":64}},"26":{"start":{"line":35,"column":22},"end":{"line":35,"column":62}},"27":{"start":{"line":36,"column":4},"end":{"line":47,"column":5}},"28":{"start":{"line":37,"column":23},"end":{"line":37,"column":31}},"29":{"start":{"line":38,"column":19},"end":{"line":38,"column":46}},"30":{"start":{"line":39,"column":5},"end":{"line":44,"column":8}},"31":{"start":{"line":46,"column":5},"end":{"line":46,"column":46}},"32":{"start":{"line":53,"column":2},"end":{"line":78,"column":5}},"33":{"start":{"line":53,"column":62},"end":{"line":78,"column":4}},"34":{"start":{"line":54,"column":16},"end":{"line":54,"column":103}},"35":{"start":{"line":55,"column":3},"end":{"line":77,"column":4}},"36":{"start":{"line":56,"column":23},"end":{"line":56,"column":48}},"37":{"start":{"line":57,"column":4},"end":{"line":74,"column":5}},"38":{"start":{"line":58,"column":22},"end":{"line":58,"column":62}},"39":{"start":{"line":59,"column":5},"end":{"line":71,"column":6}},"40":{"start":{"line":60,"column":20},"end":{"line":60,"column":55}},"41":{"start":{"line":61,"column":6},"end":{"line":68,"column":9}},"42":{"start":{"line":70,"column":6},"end":{"line":70,"column":46}},"43":{"start":{"line":73,"column":5},"end":{"line":73,"column":36}},"44":{"start":{"line":76,"column":4},"end":{"line":76,"column":51}},"45":{"start":{"line":82,"column":2},"end":{"line":103,"column":5}},"46":{"start":{"line":82,"column":83},"end":{"line":103,"column":4}},"47":{"start":{"line":83,"column":16},"end":{"line":83,"column":103}},"48":{"start":{"line":84,"column":3},"end":{"line":102,"column":4}},"49":{"start":{"line":85,"column":17},"end":{"line":85,"column":100}},"50":{"start":{"line":86,"column":4},"end":{"line":90,"column":5}},"51":{"start":{"line":87,"column":5},"end":{"line":87,"column":41}},"52":{"start":{"line":89,"column":5},"end":{"line":89,"column":35}},"53":{"start":{"line":91,"column":23},"end":{"line":91,"column":117}},"54":{"start":{"line":92,"column":20},"end":{"line":92,"column":61}},"55":{"start":{"line":93,"column":4},"end":{"line":93,"column":70}},"56":{"start":{"line":94,"column":4},"end":{"line":98,"column":7}},"57":{"start":{"line":99,"column":4},"end":{"line":99,"column":32}},"58":{"start":{"line":101,"column":4},"end":{"line":101,"column":51}},"59":{"start":{"line":107,"column":2},"end":{"line":137,"column":5}},"60":{"start":{"line":107,"column":79},"end":{"line":137,"column":4}},"61":{"start":{"line":108,"column":16},"end":{"line":108,"column":103}},"62":{"start":{"line":109,"column":3},"end":{"line":136,"column":4}},"63":{"start":{"line":110,"column":17},"end":{"line":110,"column":117}},"64":{"start":{"line":111,"column":4},"end":{"line":133,"column":5}},"65":{"start":{"line":112,"column":5},"end":{"line":112,"column":41}},"66":{"start":{"line":113,"column":24},"end":{"line":113,"column":49}},"67":{"start":{"line":114,"column":22},"end":{"line":116,"column":7}},"68":{"start":{"line":117,"column":21},"end":{"line":117,"column":83}},"69":{"start":{"line":118,"column":5},"end":{"line":130,"column":6}},"70":{"start":{"line":119,"column":20},"end":{"line":119,"column":55}},"71":{"start":{"line":120,"column":24},"end":{"line":120,"column":50}},"72":{"start":{"line":121,"column":6},"end":{"line":121,"column":32}},"73":{"start":{"line":122,"column":6},"end":{"line":127,"column":9}},"74":{"start":{"line":129,"column":6},"end":{"line":129,"column":54}},"75":{"start":{"line":132,"column":5},"end":{"line":132,"column":46}},"76":{"start":{"line":135,"column":4},"end":{"line":135,"column":51}},"77":{"start":{"line":141,"column":2},"end":{"line":143,"column":5}},"78":{"start":{"line":141,"column":65},"end":{"line":143,"column":4}},"79":{"start":{"line":142,"column":3},"end":{"line":142,"column":45}},"80":{"start":{"line":147,"column":2},"end":{"line":160,"column":5}},"81":{"start":{"line":147,"column":69},"end":{"line":160,"column":4}},"82":{"start":{"line":148,"column":17},"end":{"line":148,"column":44}},"83":{"start":{"line":149,"column":3},"end":{"line":159,"column":4}},"84":{"start":{"line":150,"column":4},"end":{"line":150,"column":66}},"85":{"start":{"line":151,"column":4},"end":{"line":151,"column":11}},"86":{"start":{"line":153,"column":20},"end":{"line":153,"column":80}},"87":{"start":{"line":154,"column":4},"end":{"line":158,"column":5}},"88":{"start":{"line":155,"column":5},"end":{"line":155,"column":30}},"89":{"start":{"line":157,"column":5},"end":{"line":157,"column":53}},"90":{"start":{"line":164,"column":2},"end":{"line":186,"column":5}},"91":{"start":{"line":164,"column":78},"end":{"line":186,"column":4}},"92":{"start":{"line":165,"column":16},"end":{"line":165,"column":116}},"93":{"start":{"line":166,"column":3},"end":{"line":185,"column":4}},"94":{"start":{"line":167,"column":4},"end":{"line":167,"column":66}},"95":{"start":{"line":168,"column":4},"end":{"line":168,"column":11}},"96":{"start":{"line":170,"column":23},"end":{"line":170,"column":48}},"97":{"start":{"line":171,"column":21},"end":{"line":171,"column":61}},"98":{"start":{"line":172,"column":4},"end":{"line":184,"column":5}},"99":{"start":{"line":173,"column":22},"end":{"line":175,"column":7}},"100":{"start":{"line":176,"column":21},"end":{"line":176,"column":83}},"101":{"start":{"line":177,"column":5},"end":{"line":181,"column":6}},"102":{"start":{"line":178,"column":6},"end":{"line":178,"column":31}},"103":{"start":{"line":180,"column":6},"end":{"line":180,"column":53}},"104":{"start":{"line":183,"column":5},"end":{"line":183,"column":50}},"105":{"start":{"line":190,"column":17},"end":{"line":190,"column":72}},"106":{"start":{"line":191,"column":2},"end":{"line":209,"column":5}},"107":{"start":{"line":191,"column":93},"end":{"line":209,"column":4}},"108":{"start":{"line":192,"column":17},"end":{"line":192,"column":44}},"109":{"start":{"line":193,"column":3},"end":{"line":196,"column":4}},"110":{"start":{"line":194,"column":4},"end":{"line":194,"column":66}},"111":{"start":{"line":195,"column":4},"end":{"line":195,"column":11}},"112":{"start":{"line":197,"column":3},"end":{"line":208,"column":4}},"113":{"start":{"line":198,"column":4},"end":{"line":205,"column":7}},"114":{"start":{"line":199,"column":5},"end":{"line":204,"column":6}},"115":{"start":{"line":200,"column":6},"end":{"line":200,"column":81}},"116":{"start":{"line":201,"column":6},"end":{"line":201,"column":31}},"117":{"start":{"line":203,"column":6},"end":{"line":203,"column":38}},"118":{"start":{"line":207,"column":4},"end":{"line":207,"column":65}},"119":{"start":{"line":213,"column":2},"end":{"line":227,"column":5}},"120":{"start":{"line":213,"column":70},"end":{"line":227,"column":4}},"121":{"start":{"line":214,"column":16},"end":{"line":214,"column":58}},"122":{"start":{"line":215,"column":3},"end":{"line":226,"column":4}},"123":{"start":{"line":216,"column":22},"end":{"line":216,"column":32}},"124":{"start":{"line":217,"column":24},"end":{"line":217,"column":71}},"125":{"start":{"line":218,"column":4},"end":{"line":218,"column":47}},"126":{"start":{"line":219,"column":4},"end":{"line":219,"column":24}},"127":{"start":{"line":221,"column":15},"end":{"line":221,"column":62}},"128":{"start":{"line":222,"column":22},"end":{"line":222,"column":24}},"129":{"start":{"line":223,"column":24},"end":{"line":223,"column":50}},"130":{"start":{"line":224,"column":4},"end":{"line":224,"column":47}},"131":{"start":{"line":225,"column":4},"end":{"line":225,"column":24}},"132":{"start":{"line":13,"column":0},"end":{"line":13,"column":13}}},"fnMap":{"0":{"name":"(anonymous_17)","decl":{"start":{"line":14,"column":1},"end":{"line":14,"column":13}},"loc":{"start":{"line":14,"column":27},"end":{"line":25,"column":2}}},"1":{"name":"(anonymous_18)","decl":{"start":{"line":27,"column":15},"end":{"line":27,"column":23}},"loc":{"start":{"line":27,"column":38},"end":{"line":50,"column":null}}},"2":{"name":"(anonymous_20)","decl":{"start":{"line":28,"column":27},"end":{"line":28,"column":34}},"loc":{"start":{"line":28,"column":65},"end":{"line":49,"column":4}}},"3":{"name":"(anonymous_21)","decl":{"start":{"line":28,"column":65},"end":{"line":28,"column":null}},"loc":{"start":{"line":28,"column":65},"end":{"line":49,"column":3}}},"4":{"name":"(anonymous_22)","decl":{"start":{"line":52,"column":15},"end":{"line":52,"column":20}},"loc":{"start":{"line":52,"column":35},"end":{"line":79,"column":null}}},"5":{"name":"(anonymous_24)","decl":{"start":{"line":53,"column":24},"end":{"line":53,"column":31}},"loc":{"start":{"line":53,"column":62},"end":{"line":78,"column":4}}},"6":{"name":"(anonymous_25)","decl":{"start":{"line":53,"column":62},"end":{"line":53,"column":null}},"loc":{"start":{"line":53,"column":62},"end":{"line":78,"column":3}}},"7":{"name":"(anonymous_26)","decl":{"start":{"line":81,"column":15},"end":{"line":81,"column":33}},"loc":{"start":{"line":81,"column":48},"end":{"line":104,"column":null}}},"8":{"name":"(anonymous_28)","decl":{"start":{"line":82,"column":45},"end":{"line":82,"column":52}},"loc":{"start":{"line":82,"column":83},"end":{"line":103,"column":4}}},"9":{"name":"(anonymous_29)","decl":{"start":{"line":82,"column":83},"end":{"line":82,"column":null}},"loc":{"start":{"line":82,"column":83},"end":{"line":103,"column":3}}},"10":{"name":"(anonymous_30)","decl":{"start":{"line":106,"column":15},"end":{"line":106,"column":35}},"loc":{"start":{"line":106,"column":50},"end":{"line":138,"column":null}}},"11":{"name":"(anonymous_32)","decl":{"start":{"line":107,"column":41},"end":{"line":107,"column":48}},"loc":{"start":{"line":107,"column":79},"end":{"line":137,"column":4}}},"12":{"name":"(anonymous_33)","decl":{"start":{"line":107,"column":79},"end":{"line":107,"column":null}},"loc":{"start":{"line":107,"column":79},"end":{"line":137,"column":3}}},"13":{"name":"(anonymous_34)","decl":{"start":{"line":140,"column":15},"end":{"line":140,"column":22}},"loc":{"start":{"line":140,"column":37},"end":{"line":144,"column":null}}},"14":{"name":"(anonymous_36)","decl":{"start":{"line":141,"column":27},"end":{"line":141,"column":34}},"loc":{"start":{"line":141,"column":65},"end":{"line":143,"column":4}}},"15":{"name":"(anonymous_37)","decl":{"start":{"line":141,"column":65},"end":{"line":141,"column":null}},"loc":{"start":{"line":141,"column":65},"end":{"line":143,"column":3}}},"16":{"name":"(anonymous_38)","decl":{"start":{"line":146,"column":15},"end":{"line":146,"column":25}},"loc":{"start":{"line":146,"column":40},"end":{"line":161,"column":null}}},"17":{"name":"(anonymous_40)","decl":{"start":{"line":147,"column":31},"end":{"line":147,"column":38}},"loc":{"start":{"line":147,"column":69},"end":{"line":160,"column":4}}},"18":{"name":"(anonymous_41)","decl":{"start":{"line":147,"column":69},"end":{"line":147,"column":null}},"loc":{"start":{"line":147,"column":69},"end":{"line":160,"column":3}}},"19":{"name":"(anonymous_42)","decl":{"start":{"line":163,"column":15},"end":{"line":163,"column":29}},"loc":{"start":{"line":163,"column":44},"end":{"line":187,"column":null}}},"20":{"name":"(anonymous_44)","decl":{"start":{"line":164,"column":40},"end":{"line":164,"column":47}},"loc":{"start":{"line":164,"column":78},"end":{"line":186,"column":4}}},"21":{"name":"(anonymous_45)","decl":{"start":{"line":164,"column":78},"end":{"line":164,"column":null}},"loc":{"start":{"line":164,"column":78},"end":{"line":186,"column":3}}},"22":{"name":"(anonymous_46)","decl":{"start":{"line":189,"column":15},"end":{"line":189,"column":26}},"loc":{"start":{"line":189,"column":41},"end":{"line":210,"column":null}}},"23":{"name":"(anonymous_48)","decl":{"start":{"line":191,"column":55},"end":{"line":191,"column":62}},"loc":{"start":{"line":191,"column":93},"end":{"line":209,"column":4}}},"24":{"name":"(anonymous_49)","decl":{"start":{"line":191,"column":93},"end":{"line":191,"column":null}},"loc":{"start":{"line":191,"column":93},"end":{"line":209,"column":3}}},"25":{"name":"(anonymous_50)","decl":{"start":{"line":198,"column":35},"end":{"line":198,"column":36}},"loc":{"start":{"line":198,"column":49},"end":{"line":205,"column":5}}},"26":{"name":"(anonymous_51)","decl":{"start":{"line":212,"column":15},"end":{"line":212,"column":24}},"loc":{"start":{"line":212,"column":39},"end":{"line":228,"column":null}}},"27":{"name":"(anonymous_53)","decl":{"start":{"line":213,"column":32},"end":{"line":213,"column":39}},"loc":{"start":{"line":213,"column":70},"end":{"line":227,"column":4}}},"28":{"name":"(anonymous_54)","decl":{"start":{"line":213,"column":70},"end":{"line":213,"column":null}},"loc":{"start":{"line":213,"column":70},"end":{"line":227,"column":3}}}},"branchMap":{"0":{"loc":{"start":{"line":29,"column":16},"end":{"line":29,"column":103}},"type":"binary-expr","locations":[{"start":{"line":29,"column":17},"end":{"line":29,"column":75}},{"start":{"line":29,"column":81},"end":{"line":29,"column":103}}]},"1":{"loc":{"start":{"line":30,"column":3},"end":{"line":48,"column":4}},"type":"if","locations":[{"start":{"line":30,"column":3},"end":{"line":48,"column":4}},{"start":{"line":32,"column":10},"end":{"line":48,"column":4}}]},"2":{"loc":{"start":{"line":30,"column":7},"end":{"line":30,"column":39}},"type":"binary-expr","locations":[{"start":{"line":30,"column":7},"end":{"line":30,"column":11}},{"start":{"line":30,"column":15},"end":{"line":30,"column":22}},{"start":{"line":30,"column":26},"end":{"line":30,"column":39}}]},"3":{"loc":{"start":{"line":33,"column":23},"end":{"line":33,"column":48}},"type":"binary-expr","locations":[{"start":{"line":33,"column":23},"end":{"line":33,"column":42}},{"start":{"line":33,"column":46},"end":{"line":33,"column":48}}]},"4":{"loc":{"start":{"line":36,"column":4},"end":{"line":47,"column":5}},"type":"if","locations":[{"start":{"line":36,"column":4},"end":{"line":47,"column":5}},{"start":{"line":45,"column":11},"end":{"line":47,"column":5}}]},"5":{"loc":{"start":{"line":54,"column":16},"end":{"line":54,"column":103}},"type":"binary-expr","locations":[{"start":{"line":54,"column":17},"end":{"line":54,"column":75}},{"start":{"line":54,"column":81},"end":{"line":54,"column":103}}]},"6":{"loc":{"start":{"line":55,"column":3},"end":{"line":77,"column":4}},"type":"if","locations":[{"start":{"line":55,"column":3},"end":{"line":77,"column":4}},{"start":{"line":75,"column":10},"end":{"line":77,"column":4}}]},"7":{"loc":{"start":{"line":55,"column":7},"end":{"line":55,"column":39}},"type":"binary-expr","locations":[{"start":{"line":55,"column":7},"end":{"line":55,"column":11}},{"start":{"line":55,"column":15},"end":{"line":55,"column":22}},{"start":{"line":55,"column":26},"end":{"line":55,"column":39}}]},"8":{"loc":{"start":{"line":56,"column":23},"end":{"line":56,"column":48}},"type":"binary-expr","locations":[{"start":{"line":56,"column":23},"end":{"line":56,"column":42}},{"start":{"line":56,"column":46},"end":{"line":56,"column":48}}]},"9":{"loc":{"start":{"line":59,"column":5},"end":{"line":71,"column":6}},"type":"if","locations":[{"start":{"line":59,"column":5},"end":{"line":71,"column":6}},{"start":{"line":69,"column":12},"end":{"line":71,"column":6}}]},"10":{"loc":{"start":{"line":83,"column":16},"end":{"line":83,"column":103}},"type":"binary-expr","locations":[{"start":{"line":83,"column":17},"end":{"line":83,"column":75}},{"start":{"line":83,"column":81},"end":{"line":83,"column":103}}]},"11":{"loc":{"start":{"line":84,"column":3},"end":{"line":102,"column":4}},"type":"if","locations":[{"start":{"line":84,"column":3},"end":{"line":102,"column":4}},{"start":{"line":100,"column":10},"end":{"line":102,"column":4}}]},"12":{"loc":{"start":{"line":84,"column":7},"end":{"line":84,"column":39}},"type":"binary-expr","locations":[{"start":{"line":84,"column":7},"end":{"line":84,"column":11}},{"start":{"line":84,"column":15},"end":{"line":84,"column":22}},{"start":{"line":84,"column":26},"end":{"line":84,"column":39}}]},"13":{"loc":{"start":{"line":85,"column":17},"end":{"line":85,"column":100}},"type":"binary-expr","locations":[{"start":{"line":85,"column":18},"end":{"line":85,"column":73}},{"start":{"line":85,"column":79},"end":{"line":85,"column":100}}]},"14":{"loc":{"start":{"line":86,"column":4},"end":{"line":90,"column":5}},"type":"if","locations":[{"start":{"line":86,"column":4},"end":{"line":90,"column":5}},{"start":{"line":88,"column":11},"end":{"line":90,"column":5}}]},"15":{"loc":{"start":{"line":86,"column":8},"end":{"line":86,"column":31}},"type":"binary-expr","locations":[{"start":{"line":86,"column":8},"end":{"line":86,"column":12}},{"start":{"line":86,"column":16},"end":{"line":86,"column":31}}]},"16":{"loc":{"start":{"line":108,"column":16},"end":{"line":108,"column":103}},"type":"binary-expr","locations":[{"start":{"line":108,"column":17},"end":{"line":108,"column":75}},{"start":{"line":108,"column":81},"end":{"line":108,"column":103}}]},"17":{"loc":{"start":{"line":109,"column":3},"end":{"line":136,"column":4}},"type":"if","locations":[{"start":{"line":109,"column":3},"end":{"line":136,"column":4}},{"start":{"line":134,"column":10},"end":{"line":136,"column":4}}]},"18":{"loc":{"start":{"line":109,"column":7},"end":{"line":109,"column":39}},"type":"binary-expr","locations":[{"start":{"line":109,"column":7},"end":{"line":109,"column":11}},{"start":{"line":109,"column":15},"end":{"line":109,"column":22}},{"start":{"line":109,"column":26},"end":{"line":109,"column":39}}]},"19":{"loc":{"start":{"line":110,"column":17},"end":{"line":110,"column":117}},"type":"binary-expr","locations":[{"start":{"line":110,"column":18},"end":{"line":110,"column":90}},{"start":{"line":110,"column":96},"end":{"line":110,"column":117}}]},"20":{"loc":{"start":{"line":111,"column":4},"end":{"line":133,"column":5}},"type":"if","locations":[{"start":{"line":111,"column":4},"end":{"line":133,"column":5}},{"start":{"line":131,"column":11},"end":{"line":133,"column":5}}]},"21":{"loc":{"start":{"line":111,"column":8},"end":{"line":111,"column":31}},"type":"binary-expr","locations":[{"start":{"line":111,"column":8},"end":{"line":111,"column":12}},{"start":{"line":111,"column":16},"end":{"line":111,"column":31}}]},"22":{"loc":{"start":{"line":113,"column":24},"end":{"line":113,"column":49}},"type":"binary-expr","locations":[{"start":{"line":113,"column":24},"end":{"line":113,"column":43}},{"start":{"line":113,"column":47},"end":{"line":113,"column":49}}]},"23":{"loc":{"start":{"line":118,"column":5},"end":{"line":130,"column":6}},"type":"if","locations":[{"start":{"line":118,"column":5},"end":{"line":130,"column":6}},{"start":{"line":128,"column":12},"end":{"line":130,"column":6}}]},"24":{"loc":{"start":{"line":148,"column":17},"end":{"line":148,"column":44}},"type":"binary-expr","locations":[{"start":{"line":148,"column":17},"end":{"line":148,"column":38}},{"start":{"line":148,"column":42},"end":{"line":148,"column":44}}]},"25":{"loc":{"start":{"line":149,"column":3},"end":{"line":159,"column":4}},"type":"if","locations":[{"start":{"line":149,"column":3},"end":{"line":159,"column":4}},{"start":{"line":152,"column":10},"end":{"line":159,"column":4}}]},"26":{"loc":{"start":{"line":154,"column":4},"end":{"line":158,"column":5}},"type":"if","locations":[{"start":{"line":154,"column":4},"end":{"line":158,"column":5}},{"start":{"line":156,"column":11},"end":{"line":158,"column":5}}]},"27":{"loc":{"start":{"line":165,"column":16},"end":{"line":165,"column":116}},"type":"binary-expr","locations":[{"start":{"line":165,"column":17},"end":{"line":165,"column":88}},{"start":{"line":165,"column":94},"end":{"line":165,"column":116}}]},"28":{"loc":{"start":{"line":166,"column":3},"end":{"line":185,"column":4}},"type":"if","locations":[{"start":{"line":166,"column":3},"end":{"line":185,"column":4}},{"start":{"line":169,"column":10},"end":{"line":185,"column":4}}]},"29":{"loc":{"start":{"line":170,"column":23},"end":{"line":170,"column":48}},"type":"binary-expr","locations":[{"start":{"line":170,"column":23},"end":{"line":170,"column":42}},{"start":{"line":170,"column":46},"end":{"line":170,"column":48}}]},"30":{"loc":{"start":{"line":172,"column":4},"end":{"line":184,"column":5}},"type":"if","locations":[{"start":{"line":172,"column":4},"end":{"line":184,"column":5}},{"start":{"line":182,"column":11},"end":{"line":184,"column":5}}]},"31":{"loc":{"start":{"line":177,"column":5},"end":{"line":181,"column":6}},"type":"if","locations":[{"start":{"line":177,"column":5},"end":{"line":181,"column":6}},{"start":{"line":179,"column":12},"end":{"line":181,"column":6}}]},"32":{"loc":{"start":{"line":192,"column":17},"end":{"line":192,"column":44}},"type":"binary-expr","locations":[{"start":{"line":192,"column":17},"end":{"line":192,"column":38}},{"start":{"line":192,"column":42},"end":{"line":192,"column":44}}]},"33":{"loc":{"start":{"line":193,"column":3},"end":{"line":196,"column":4}},"type":"if","locations":[{"start":{"line":193,"column":3},"end":{"line":196,"column":4}},{"start":{},"end":{}}]},"34":{"loc":{"start":{"line":197,"column":3},"end":{"line":208,"column":4}},"type":"if","locations":[{"start":{"line":197,"column":3},"end":{"line":208,"column":4}},{"start":{"line":206,"column":10},"end":{"line":208,"column":4}}]},"35":{"loc":{"start":{"line":199,"column":5},"end":{"line":204,"column":6}},"type":"if","locations":[{"start":{"line":199,"column":5},"end":{"line":204,"column":6}},{"start":{"line":202,"column":12},"end":{"line":204,"column":6}}]},"36":{"loc":{"start":{"line":199,"column":9},"end":{"line":199,"column":28}},"type":"binary-expr","locations":[{"start":{"line":199,"column":9},"end":{"line":199,"column":13}},{"start":{"line":199,"column":17},"end":{"line":199,"column":28}}]},"37":{"loc":{"start":{"line":215,"column":3},"end":{"line":226,"column":4}},"type":"if","locations":[{"start":{"line":215,"column":3},"end":{"line":226,"column":4}},{"start":{"line":220,"column":10},"end":{"line":226,"column":4}}]},"38":{"loc":{"start":{"line":215,"column":7},"end":{"line":215,"column":63}},"type":"binary-expr","locations":[{"start":{"line":215,"column":7},"end":{"line":215,"column":11}},{"start":{"line":215,"column":15},"end":{"line":215,"column":25}},{"start":{"line":215,"column":29},"end":{"line":215,"column":63}}]},"39":{"loc":{"start":{"line":217,"column":24},"end":{"line":217,"column":71}},"type":"binary-expr","locations":[{"start":{"line":217,"column":24},"end":{"line":217,"column":41}},{"start":{"line":217,"column":45},"end":{"line":217,"column":71}}]}},"s":{"0":2,"1":2,"2":2,"3":2,"4":2,"5":2,"6":2,"7":2,"8":2,"9":2,"10":2,"11":2,"12":2,"13":2,"14":2,"15":2,"16":2,"17":2,"18":2,"19":2,"20":3,"21":3,"22":3,"23":1,"24":2,"25":2,"26":2,"27":2,"28":1,"29":1,"30":1,"31":1,"32":2,"33":4,"34":4,"35":4,"36":3,"37":3,"38":3,"39":2,"40":1,"41":1,"42":1,"43":1,"44":1,"45":2,"46":3,"47":3,"48":3,"49":2,"50":2,"51":1,"52":1,"53":2,"54":2,"55":2,"56":2,"57":2,"58":1,"59":2,"60":4,"61":4,"62":4,"63":3,"64":3,"65":2,"66":2,"67":2,"68":2,"69":2,"70":1,"71":1,"72":1,"73":1,"74":1,"75":1,"76":1,"77":2,"78":1,"79":1,"80":2,"81":3,"82":3,"83":3,"84":1,"85":1,"86":2,"87":2,"88":1,"89":1,"90":2,"91":4,"92":4,"93":4,"94":1,"95":1,"96":3,"97":3,"98":3,"99":2,"100":2,"101":2,"102":1,"103":1,"104":1,"105":2,"106":2,"107":0,"108":0,"109":0,"110":0,"111":0,"112":0,"113":0,"114":0,"115":0,"116":0,"117":0,"118":0,"119":2,"120":0,"121":0,"122":0,"123":0,"124":0,"125":0,"126":0,"127":0,"128":0,"129":0,"130":0,"131":0,"132":2},"f":{"0":2,"1":2,"2":3,"3":3,"4":2,"5":4,"6":4,"7":2,"8":3,"9":3,"10":2,"11":4,"12":4,"13":2,"14":1,"15":1,"16":2,"17":3,"18":3,"19":2,"20":4,"21":4,"22":2,"23":0,"24":0,"25":0,"26":2,"27":0,"28":0},"b":{"0":[3,1],"1":[1,2],"2":[3,3,1],"3":[2,1],"4":[1,1],"5":[4,1],"6":[3,1],"7":[4,4,3],"8":[3,3],"9":[1,1],"10":[3,1],"11":[2,1],"12":[3,3,2],"13":[2,1],"14":[1,1],"15":[2,2],"16":[4,1],"17":[3,1],"18":[4,4,3],"19":[3,1],"20":[2,1],"21":[3,3],"22":[2,2],"23":[1,1],"24":[3,0],"25":[1,2],"26":[1,1],"27":[4,0],"28":[1,3],"29":[3,3],"30":[2,1],"31":[1,1],"32":[0,0],"33":[0,0],"34":[0,0],"35":[0,0],"36":[0,0],"37":[0,0],"38":[0,0,0],"39":[0,0]}}
,"/Users/lucastorresdosanjos/Senomar/nodejs/posts-angular-express/api/src/controllers/WebSocketController.ts": {"path":"/Users/lucastorresdosanjos/Senomar/nodejs/posts-angular-express/api/src/controllers/WebSocketController.ts","statementMap":{"0":{"start":{"line":2,"column":0},"end":{"line":2,"column":57}},"1":{"start":{"line":4,"column":0},"end":{"line":4,"column":46}},"2":{"start":{"line":13,"column":2},"end":{"line":15,"column":5}},"3":{"start":{"line":16,"column":2},"end":{"line":16,"column":83}},"4":{"start":{"line":17,"column":2},"end":{"line":17,"column":51}},"5":{"start":{"line":21,"column":2},"end":{"line":21,"column":43}},"6":{"start":{"line":25,"column":14},"end":{"line":25,"column":41}},"7":{"start":{"line":26,"column":15},"end":{"line":26,"column":62}},"8":{"start":{"line":27,"column":13},"end":{"line":27,"column":58}},"9":{"start":{"line":28,"column":2},"end":{"line":44,"column":3}},"10":{"start":{"line":29,"column":27},"end":{"line":33,"column":5}},"11":{"start":{"line":34,"column":20},"end":{"line":34,"column":70}},"12":{"start":{"line":35,"column":3},"end":{"line":43,"column":4}},"13":{"start":{"line":36,"column":20},"end":{"line":36,"column":72}},"14":{"start":{"line":37,"column":4},"end":{"line":42,"column":7}},"15":{"start":{"line":37,"column":57},"end":{"line":42,"column":6}},"16":{"start":{"line":38,"column":5},"end":{"line":41,"column":6}},"17":{"start":{"line":39,"column":6},"end":{"line":39,"column":46}},"18":{"start":{"line":40,"column":6},"end":{"line":40,"column":76}},"19":{"start":{"line":48,"column":2},"end":{"line":60,"column":5}},"20":{"start":{"line":48,"column":55},"end":{"line":60,"column":4}},"21":{"start":{"line":49,"column":3},"end":{"line":59,"column":4}},"22":{"start":{"line":50,"column":15},"end":{"line":50,"column":59}},"23":{"start":{"line":51,"column":16},"end":{"line":51,"column":184}},"24":{"start":{"line":52,"column":4},"end":{"line":58,"column":5}},"25":{"start":{"line":53,"column":23},"end":{"line":53,"column":60}},"26":{"start":{"line":54,"column":5},"end":{"line":57,"column":8}},"27":{"start":{"line":55,"column":22},"end":{"line":55,"column":79}},"28":{"start":{"line":56,"column":6},"end":{"line":56,"column":46}},"29":{"start":{"line":64,"column":16},"end":{"line":64,"column":37}},"30":{"start":{"line":65,"column":17},"end":{"line":65,"column":64}},"31":{"start":{"line":66,"column":2},"end":{"line":66,"column":42}},"32":{"start":{"line":67,"column":2},"end":{"line":67,"column":48}},"33":{"start":{"line":68,"column":2},"end":{"line":68,"column":70}},"34":{"start":{"line":68,"column":29},"end":{"line":68,"column":68}},"35":{"start":{"line":69,"column":2},"end":{"line":69,"column":68}},"36":{"start":{"line":69,"column":28},"end":{"line":69,"column":66}},"37":{"start":{"line":70,"column":2},"end":{"line":70,"column":46}},"38":{"start":{"line":74,"column":2},"end":{"line":78,"column":5}},"39":{"start":{"line":74,"column":55},"end":{"line":78,"column":4}},"40":{"st
[...]
,"/Users/lucastorresdosanjos/Senomar/nodejs/posts-angular-express/api/src/middlewares/UserMiddleware.ts": {"path":"/Users/lucastorresdosanjos/Senomar/nodejs/posts-angular-express/api/src/middlewares/UserMiddleware.ts","statementMap":{"0":{"start":{"line":2,"column":0},"end":{"line":2,"column":36}},"1":{"start":{"line":3,"column":0},"end":{"line":3,"column":46}},"2":{"start":{"line":8,"column":16},"end":{"line":8,"column":62}},"3":{"start":{"line":9,"column":21},"end":{"line":9,"column":46}},"4":{"start":{"line":10,"column":16},"end":{"line":10,"column":45}},"5":{"start":{"line":11,"column":15},"end":{"line":11,"column":98}},"6":{"start":{"line":12,"column":2},"end":{"line":20,"column":3}},"7":{"start":{"line":13,"column":3},"end":{"line":13,"column":44}},"8":{"start":{"line":14,"column":21},"end":{"line":14,"column":47}},"9":{"start":{"line":15,"column":3},"end":{"line":15,"column":29}},"10":{"start":{"line":16,"column":3},"end":{"line":16,"column":36}},"11":{"start":{"line":17,"column":3},"end":{"line":17,"column":10}},"12":{"start":{"line":19,"column":3},"end":{"line":19,"column":53}},"13":{"start":{"line":6,"column":0},"end":{"line":6,"column":13}}},"fnMap":{"0":{"name":"(anonymous_16)","decl":{"start":{"line":7,"column":8},"end":{"line":7,"column":14}},"loc":{"start":{"line":7,"column":77},"end":{"line":21,"column":null}}}},"branchMap":{"0":{"loc":{"start":{"line":8,"column":16},"end":{"line":8,"column":62}},"type":"cond-expr","locations":[{"start":{"line":8,"column":56},"end":{"line":8,"column":60}},{"start":{"line":8,"column":60},"end":{"line":8,"column":62}}]},"1":{"loc":{"start":{"line":8,"column":16},"end":{"line":8,"column":60}},"type":"binary-expr","locations":[{"start":{"line":8,"column":16},"end":{"line":8,"column":60}},{"start":{"line":8,"column":56},"end":{"line":8,"column":60}}]},"2":{"loc":{"start":{"line":8,"column":16},"end":{"line":8,"column":56}},"type":"cond-expr","locations":[{"start":{"line":8,"column":41},"end":{"line":8,"column":43}},{"start":{"line":8,"column":41},"end":{"line":8,"column":56}}]},"3":{"loc":{"start":{"line":8,"column":16},"end":{"line":8,"column":43}},"type":"binary-expr","locations":[{"start":{"line":8,"column":16},"end":{"line":8,"column":43}},{"start":{"line":8,"column":41},"end":{"line":8,"column":43}}]},"4":{"loc":{"start":{"line":9,"column":21},"end":{"line":9,"column":46}},"type":"binary-expr","locations":[{"start":{"line":9,"column":21},"end":{"line":9,"column":40}},{"start":{"line":9,"column":44},"end":{"line":9,"column":46}}]},"5":{"loc":{"start":{"line":11,"column":15},"end":{"line":11,"column":98}},"type":"binary-expr","locations":[{"start":{"line":11,"column":16},"end":{"line":11,"column":70}},{"start":{"line":11,"column":76},"end":{"line":11,"column":98}}]},"6":{"loc":{"start":{"line":12,"column":2},"end":{"line":20,"column":3}},"type":"if","locations":[{"start":{"line":12,"column":2},"end":{"line":20,"column":3}},{"start":{"line":18,"column":9},"end":{"line":20,"column":3}}]},"7":{"loc":{"start":{"line":12,"column":6},"end":{"line":12,"column":38}},"type":"binary-expr","locations":[{"start":{"line":12,"column":6},"end":{"line":12,"column":10}},{"start":{"line":12,"column":14},"end":{"line":12,"column":21}},{"start":{"line":12,"column":25},"end":{"line":12,"column":38}}]}},"s":{"0":2,"1":2,"2":9,"3":9,"4":9,"5":9,"6":9,"7":8,"8":8,"9":8,"10":8,"11":8,"12":1,"13":2},"f":{"0":9},"b":{"0":[9,0],"1":[9,9],"2":[0,9],"3":[9,9],"4":[9,9],"5":[9,1],"6":[8,1],"7":[9,9,8]}}
,"/Users/lucastorresdosanjos/Senomar/nodejs/posts-angular-express/api/src/models/DataBase.ts": {"path":"/Users/lucastorresdosanjos/Senomar/nodejs/posts-angular-express/api/src/models/DataBase.ts","statementMap":{"0":{"start":{"line":1,"column":0},"end":{"line":1,"column":33}},"1":{"start":{"line":7,"column":2},"end":{"line":17,"column":3}},"2":{"start":{"line":8,"column":3},"end":{"line":16,"column":6}},"3":{"start":{"line":21,"column":2},"end":{"line":27,"column":3}},"4":{"start":{"line":22,"column":16},"end":{"line":22,"column":48}},"5":{"start":{"line":23,"column":3},"end":{"line":23,"column":15}},"6":{"start":{"line":25,"column":3},"end":{"line":25,"column":24}},"7":{"start":{"line":26,"column":3},"end":{"line":26,"column":15}},"8":{"start":{"line":31,"column":2},"end":{"line":37,"column":3}},"9":{"start":{"line":32,"column":16},"end":{"line":32,"column":84}},"10":{"start":{"line":33,"column":3},"end":{"line":33,"column":18}},"11":{"start":{"line":35,"column":3},"end":{"line":35,"column":24}},"12":{"start":{"line":36,"column":3},"end":{"line":36,"column":15}},"13":{"start":{"line":41,"column":2},"end":{"line":47,"column":3}},"14":{"start":{"line":42,"column":16},"end":{"line":42,"column":90}},"15":{"start":{"line":43,"column":3},"end":{"line":43,"column":15}},"16":{"start":{"line":45,"column":3},"end":{"line":45,"column":24}},"17":{"start":{"line":46,"column":3},"end":{"line":46,"column":15}},"18":{"start":{"line":51,"column":2},"end":{"line":66,"column":3}},"19":{"start":{"line":52,"column":27},"end":{"line":52,"column":29}},"20":{"start":{"line":53,"column":28},"end":{"line":53,"column":30}},"21":{"start":{"line":54,"column":3},"end":{"line":54,"column":49}},"22":{"start":{"line":55,"column":28},"end":{"line":55,"column":30}},"23":{"start":{"line":56,"column":3},"end":{"line":59,"column":6}},"24":{"start":{"line":57,"column":4},"end":{"line":57,"column":30}},"25":{"start":{"line":58,"column":4},"end":{"line":58,"column":54}},"26":{"start":{"line":60,"column":3},"end":{"line":60,"column":36}},"27":{"start":{"line":61,"column":16},"end":{"line":61,"column":61}},"28":{"start":{"line":62,"column":3},"end":{"line":62,"column":15}},"29":{"start":{"line":64,"column":3},"end":{"line":64,"column":24}},"30":{"start":{"line":65,"column":3},"end":{"line":65,"column":15}},"31":{"start":{"line":70,"column":2},"end":{"line":85,"column":3}},"32":{"start":{"line":71,"column":27},"end":{"line":71,"column":29}},"33":{"start":{"line":72,"column":28},"end":{"line":72,"column":30}},"34":{"start":{"line":73,"column":3},"end":{"line":73,"column":49}},"35":{"start":{"line":74,"column":28},"end":{"line":74,"column":30}},"36":{"start":{"line":75,"column":3},"end":{"line":78,"column":6}},"37":{"start":{"line":76,"column":4},"end":{"line":76,"column":33}},"38":{"start":{"line":77,"column":4},"end":{"line":77,"column":61}},"39":{"start":{"line":79,"column":3},"end":{"line":79,"column":35}},"40":{"start":{"line":80,"column":16},"end":{"line":80,"column":61}},"41":{"start":{"line":81,"column":3},"end":{"line":81,"column":15}},"42":{"start":{"line":83,"column":3},"end":{"line":83,"column":24}},"43":{"start":{"line":84,"column":3},"end":{"line":84,"column":15}},"44":{"start":{"line":89,"column":2},"end":{"line":95,"column":3}},"45":{"start":{"line":90,"column":16},"end":{"line":90,"column":82}},"46":{"start":{"line":91,"column":3},"end":{"line":91,"column":15}},"47":{"start":{"line":93,"column":3},"end":{"line":93,"column":24}},"48":{"start":{"line":94,"column":3},"end":{"line":94,"column":15}},"49":{"start":{"line":99,"column":2},"end":{"line":105,"column":3}},"50":{"start":{"line":100,"column":16},"end":{"line":100,"column":99}},"51":{"start":{"line":101,"column":3},"end":{"line":101,"column":15}},"52":{"start":{"line":103,"column":3},"end":{"line":103,"column":24}},"53":{"start":{"line":104,"column":3},"end":{"line":104,"column":15}},"54":{"start":{"line":109,"column":2},"end":{"line":115,"column":3}},"55":{"start":{"line":110,"column":16},"end":{"line":110,"column":64}},"56":{"start":{"line":111,"column":3},"end":{"line":111,"column":15}},"57":{"start":{"line":113,"column":3},"end":{"line":113,"column":24}},"58":{"start":{"line":114,"column":3},"end":{"line":114,"column":15}},"59":{"start":{"line":119,"column":2},"end":{"line":137,"column":3}},"60":{"start":{"line":120,"column":27},"end":{"line":120,"column":29}},"61":{"start":{"line":121,"column":28},"end":{"line":121,"column":30}},"62":{"start":{"line":122,"column":3},"end":{"line":122,"column":42}},"63":{"start":{"line":123,"column":3},"end":{"line":123,"column":44}},"64":{"start":{"line":124,"column":3},"end":{"line":124,"column":28}},"65":{"start":{"line":125,"column":28},"end":{"line":125,"column":30}},"66":{"start":{"line":126,"column":3},"end":{"line":129,"column":6}},"67":{"start":{"line":127,"column":4},"end":{"line":127,"column":21}},"68":{"start":{"line":128,"column":4},"end":{"line":128,"column":22}},"69":{"start":{"line":130,"column":3},"end":{"line":130,"column":33}},"70":{"start":{"line":131,"column":3},"end":{"line":131,"column":20}},"71":{"start":{"line":132,"column":14},"end":{"line":132,"column":59}},"72":{"start":{"line":133,"column":3},"end":{"line":133,"column":26}},"73":{"start":{"line":135,"column":3},"end":{"line":135,"column":24}},"74":{"start":{"line":136,"column":3},"end":{"line":136,"column":16}},"75":{"start":{"line":141,"column":2},"end":{"line":158,"column":3}},"76":{"start":{"line":142,"column":27},"end":{"line":142,"column":29}},"77":{"start":{"line":143,"column":28},"end":{"line":143,"column":30}},"78":{"start":{"line":144,"column":3},"end":{"line":144,"column":39}},"79":{"start":{"line":145,"column":28},"end":{"line":145,"column":30}},"80":{"start":{"line":146,"column":3},"end":{"line":149,"column":6}},"81":{"start":{"line":147,"column":4},"end":{"line":147,"column":30}},"82":{"start":{"line":148,"column":4},"end":{"line":148,"column":54}},"83":{"start":{"line":150,"column":3},"end":{"line":150,"column":33}},"84":{"start":{"line":151,"column":3},"end":{"line":151,"column":35}},"85":{"start":{"line":152,"column":3},"end":{"line":152,"column":19}},"86":{"start":{"line":153,"column":3},"end":{"line":153,"column":49}},"87":{"start":{"line":154,"column":3},"end":{"line":154,"column":15}},"88":{"start":{"line":156,"column":3},"end":{"line":156,"column":24}},"89":{"start":{"line":157,"column":3},"end":{"line":157,"column":16}},"90":{"start":{"line":162,"column":2},"end":{"line":173,"column":3}},"91":{"start":{"line":163,"column":27},"end":{"line":163,"column":29}},"92":{"start":{"line":164,"column":3},"end":{"line":164,"column":40}},"93":{"start":{"line":165,"column":28},"end":{"line":165,"column":30}},"94":{"start":{"line":166,"column":3},"end":{"line":166,"column":30}},"95":{"start":{"line":167,"column":3},"end":{"line":167,"column":19}},"96":{"start":{"line":168,"column":3},"end":{"line":168,"column":48}},"97":{"start":{"line":169,"column":3},"end":{"line":169,"column":15}},"98":{"start":{"line":171,"column":3},"end":{"line":171,"column":24}},"99":{"start":{"line":172,"column":3},"end":{"line":172,"column":16}},"100":{"start":{"line":3,"column":0},"end":{"line":3,"column":13}}},"fnMap":{"0":{"name":"(anonymous_8)","decl":{"start":{"line":6,"column":8},"end":{"line":6,"column":14}},"loc":{"start":{"line":6,"column":27},"end":{"line":18,"column":null}}},"1":{"name":"(anonymous_10)","decl":{"start":{"line":20,"column":8},"end":{"line":20,"column":14}},"loc":{"start":{"line":20,"column":58},"end":{"line":28,"column":null}}},"2":{"name":"(anonymous_12)","decl":{"start":{"line":30,"column":8},"end":{"line":30,"column":14}},"loc":{"start":{"line":30,"column":53},"end":{"line":38,"column":null}}},"3":{"name":"(anonymous_14)","decl":{"start":{"line":40,"column":8},"end":{"line":40,"column":14}},"loc":{"start":{"line":40,"column":69},"end":{"line":48,"column":null}}},"4":{"name":"(anonymous_16)","decl":{"start":{"line":50,"column":8},"end":{"line":50,"column":14}},"loc":{"start":{"line":50,"column":56},"end":{"line":67,"column":null}}},"5":{"name":"(anonymous_18)","decl":{"start":{"line":56,"column":25},"end":{"line":56,"column":26}},"loc":{"start":{"line":56,"column":38},"end":{"line":59,"column":4}}},"6":{"name":"(anonymous_19)","decl":{"start":{"line":69,"column":8},"end":{"line":69,"column":14}},"loc":{"start":{"line":69,"column":55},"end":{"line":86,"column":null}}},"7":{"name":"(anonymous_21)","decl":{"start":{"line":75,"column":25},"end":{"line":75,"column":26}},"loc":{"start":{"line":75,"column":38},"end":{"line":78,"column":4}}},"8":{"name":"(anonymous_22)","decl":{"start":{"line":88,"column":8},"end":{"line":88,"column":14}},"loc":{"start":{"line":88,"column":57},"end":{"line":96,"column":null}}},"9":{"name":"(anonymous_24)","decl":{"start":{"line":98,"column":8},"end":{"line":98,"column":14}},"loc":{"start":{"line":98,"column":56},"end":{"line":106,"column":null}}},"10":{"name":"(anonymous_26)","decl":{"start":{"line":108,"column":8},"end":{"line":108,"column":14}},"loc":{"start":{"line":108,"column":40},"end":{"line":116,"column":null}}},"11":{"name":"(anonymous_28)","decl":{"start":{"line":118,"column":8},"end":{"line":118,"column":14}},"loc":{"start":{"line":118,"column":57},"end":{"line":138,"column":null}}},"12":{"name":"(anonymous_30)","decl":{"start":{"line":126,"column":27},"end":{"line":126,"column":28}},"loc":{"start":{"line":126,"column":41},"end":{"line":129,"column":4}}},"13":{"name":"(anonymous_31)","decl":{"start":{"line":140,"column":8},"end":{"line":140,"column":14}},"loc":{"start":{"line":140,"column":70},"end":{"line":159,"column":null}}},"14":{"name":"(anonymous_33)","decl":{"start":{"line":146,"column":25},"end":{"line":146,"column":26}},"loc":{"start":{"line":146,"column":38},"end":{"line":149,"column":4}}},"15":{"name":"(anonymous_34)","decl":{"start":{"line":161,"column":8},"end":{"line":161,"column":14}},"loc":{"start":{"line":161,"column":56},"end":{"line":174,"column":null}}}},"branchMap":{"0":{"loc":{"start":{"line":7,"column":2},"end":{"line":17,"column":3}},"type":"if","locations":[{"start":{"line":7,"column":2},"end":{"line":17,"column":3}},{"start":{},"end":{}}]},"1":{"loc":{"start":{"line":10,"column":19},"end":{"line":10,"column":48}},"type":"binary-expr","locations":[{"start":{"line":10,"column":19},"end":{"line":10,"column":38}},{"start":{"line":10,"column":42},"end":{"line":10,"column":48}}]},"2":{"loc":{"start":{"line":14,"column":14},"end":{"line":14,"column":50}},"type":"cond-expr","locations":[{"start":{"line":14,"column":38},"end":{"line":14,"column":42}},{"start":{"line":14,"column":42},"end":{"line":14,"column":50}}]},"3":{"loc":{"start":{"line":14,"column":14},"end":{"line":14,"column":42}},"type":"binary-expr","locations":[{"start":{"line":14,"column":14},"end":{"line":14,"column":42}},{"start":{"line":14,"column":38},"end":{"line":14,"column":42}}]}},"s":{"0":2,"1":2,"2":2,"3":0,"4":0,"5":0,"6":0,"7":0,"8":0,"9":0,"10":0,"11":0,"12":0,"13":0,"14":0,"15":0,"16":0,"17":0,"18":0,"19":0,"20":0,"21":0,"22":0,"23":0,"24":0,"25":0,"26":0,"27":0,"28":0,"29":0,"30":0,"31":0,"32":0,"33":0,"34":0,"35":0,"36":0,"37":0,"38":0,"39":0,"40":0,"41":0,"42":0,"43":0,"44":0,"45":0,"46":0,"47":0,"48":0,"49":0,"50":0,"51":0,"52":0,"53":0,"54":0,"55":0,"56":0,"57":0,"58":0,"59":0,"60":0,"61":0,"62":0,"63":0,"64":0,"65":0,"66":0,"67":0,"68":0,"69":0,"70":0,"71":0,"72":0,"73":0,"74":0,"75":0,"76":0,"77":0,"78":0,"79":0,"80":0,"81":0,"82":0,"83":0,"84":0,"85":0,"86":0,"87":0,"88":0,"89":0,"90":0,"91":0,"92":0,"93":0,"94":0,"95":0,"96":0,"97":0,"98":0,"99":0,"100":2},"f":{"0":2,"1":0,"2":0,"3":0,"4":0,"5":0,"6":0,"7":0,"8":0,"9":0,"10":0,"11":0,"12":0,"13":0,"14":0,"15":0},"b":{"0":[2,0],"1":[2,0],"2":[2,0],"3":[2,2]}}
,"/Users/lucastorresdosanjos/Senomar/nodejs/posts-angular-express/api/src/utils/multer-util.ts": {"path":"/Users/lucastorresdosanjos/Senomar/nodejs/posts-angular-express/api/src/utils/multer-util.ts","statementMap":{"0":{"start":{"line":1,"column":0},"end":{"line":1,"column":28}},"1":{"start":{"line":5,"column":18},"end":{"line":12,"column":4}},"2":{"start":{"line":7,"column":4},"end":{"line":7,"column":27}},"3":{"start":{"line":10,"column":4},"end":{"line":10,"column":23}},"4":{"start":{"line":13,"column":2},"end":{"line":20,"column":5}},"5":{"start":{"line":16,"column":23},"end":{"line":16,"column":119}},"6":{"start":{"line":16,"column":88},"end":{"line":16,"column":118}},"7":{"start":{"line":17,"column":4},"end":{"line":18,"column":32}},"8":{"start":{"line":17,"column":20},"end":{"line":17,"column":42}},"9":{"start":{"line":18,"column":9},"end":{"line":18,"column":32}},"10":{"start":{"line":3,"column":0},"end":{"line":3,"column":13}}},"fnMap":{"0":{"name":"(anonymous_1)","decl":{"start":{"line":4,"column":8},"end":{"line":4,"column":14}},"loc":{"start":{"line":4,"column":58},"end":{"line":21,"column":2}}},"1":{"name":"(anonymous_2)","decl":{"start":{"line":6,"column":16},"end":{"line":6,"column":26}},"loc":{"start":{"line":6,"column":39},"end":{"line":8,"column":4}}},"2":{"name":"(anonymous_3)","decl":{"start":{"line":9,"column":13},"end":{"line":9,"column":23}},"loc":{"start":{"line":9,"column":36},"end":{"line":11,"column":4}}},"3":{"name":"(anonymous_4)","decl":{"start":{"line":15,"column":15},"end":{"line":15,"column":16}},"loc":{"start":{"line":15,"column":33},"end":{"line":19,"column":4}}},"4":{"name":"(anonymous_5)","decl":{"start":{"line":16,"column":69},"end":{"line":16,"column":70}},"loc":{"start":{"line":16,"column":88},"end":{"line":16,"column":118}}}},"branchMap":{"0":{"loc":{"start":{"line":17,"column":4},"end":{"line":18,"column":32}},"type":"if","locations":[{"start":{"line":17,"column":4},"end":{"line":18,"column":32}},{"start":{"line":18,"column":9},"end":{"line":18,"column":32}}]}},"s":{"0":2,"1":2,"2":0,"3":0,"4":2,"5":0,"6":0,"7":0,"8":0,"9":0,"10":2},"f":{"0":2,"1":0,"2":0,"3":0,"4":0},"b":{"0":[0,0]}}
,"/Users/lucastorresdosanjos/Senomar/nodejs/posts-angular-express/api/src/utils/sharp-util.ts": {"path":"/Users/lucastorresdosanjos/Senomar/nodejs/posts-angular-express/api/src/utils/sharp-util.ts","statementMap":{"0":{"start":{"line":1,"column":0},"end":{"line":1,"column":26}},"1":{"start":{"line":5,"column":2},"end":{"line":18,"column":3}},"2":{"start":{"line":6,"column":3},"end":{"line":15,"column":7}},"3":{"start":{"line":11,"column":5},"end":{"line":11,"column":20}},"4":{"start":{"line":14,"column":5},"end":{"line":14,"column":30}},"5":{"start":{"line":17,"column":3},"end":{"line":17,"column":23}},"6":{"start":{"line":3,"column":0},"end":{"line":3,"column":13}}},"fnMap":{"0":{"name":"(anonymous_1)","decl":{"start":{"line":4,"column":8},"end":{"line":4,"column":14}},"loc":{"start":{"line":4,"column":73},"end":{"line":19,"column":2}}},"1":{"name":"(anonymous_2)","decl":{"start":{"line":10,"column":10},"end":{"line":10,"column":11}},"loc":{"start":{"line":10,"column":19},"end":{"line":12,"column":5}}},"2":{"name":"(anonymous_3)","decl":{"start":{"line":13,"column":11},"end":{"line":13,"column":12}},"loc":{"start":{"line":13,"column":19},"end":{"line":15,"column":5}}}},"branchMap":{},"s":{"0":2,"1":0,"2":0,"3":0,"4":0,"5":0,"6":2},"f":{"0":0,"1":0,"2":0},"b":{}}
,"/Users/lucastorresdosanjos/Senomar/nodejs/posts-angular-express/api/src/utils/template-util.ts": {"path":"/Users/lucastorresdosanjos/Senomar/nodejs/posts-angular-express/api/src/utils/template-util.ts","statementMap":{"0":{"start":{"line":1,"column":0},"end":{"line":1,"column":34}},"1":{"start":{"line":5,"column":17},"end":{"line":5,"column":58}},"2":{"start":{"line":6,"column":2},"end":{"line":9,"column":3}},"3":{"start":{"line":7,"column":16},"end":{"line":7,"column":52}},"4":{"start":{"line":8,"column":3},"end":{"line":8,"column":52}},"5":{"start":{"line":10,"column":2},"end":{"line":10,"column":18}},"6":{"start":{"line":3,"column":0},"end":{"line":3,"column":13}}},"fnMap":{"0":{"name":"(anonymous_0)","decl":{"start":{"line":4,"column":8},"end":{"line":4,"column":14}},"loc":{"start":{"line":4,"column":50},"end":{"line":11,"column":2}}}},"branchMap":{},"s":{"0":2,"1":2,"2":2,"3":4,"4":4,"5":2,"6":2},"f":{"0":2},"b":{}}
}
