TN:
SF:src/routes.ts
FN:10,(anonymous_0)
FNF:1
FNH:1
FNDA:2,(anonymous_0)
DA:2,2
DA:3,2
DA:4,2
DA:5,2
DA:6,2
DA:7,2
DA:9,2
DA:11,2
DA:12,2
DA:13,2
DA:14,2
DA:15,2
DA:16,2
LF:13
LH:13
BRF:0
BRH:0
end_of_record
TN:
SF:src/server.ts
FN:28,(anonymous_1)
FN:40,(anonymous_2)
FNF:2
FNH:1
FNDA:0,(anonymous_1)
FNDA:1,(anonymous_2)
DA:1,2
DA:2,2
DA:4,2
DA:5,2
DA:6,2
DA:7,2
DA:8,2
DA:9,2
DA:11,2
DA:13,2
DA:15,2
DA:19,2
DA:21,2
DA:22,2
DA:24,2
DA:26,2
DA:28,2
DA:29,0
DA:35,2
DA:37,2
DA:39,2
DA:40,2
DA:42,2
DA:44,2
LF:24
LH:23
BRDA:39,0,0,2
BRDA:39,0,1,2
BRF:2
BRH:2
end_of_record
TN:
SF:src/controllers/CommentController.ts
FN:11,(anonymous_7)
FN:18,(anonymous_8)
FN:19,(anonymous_10)
FN:19,(anonymous_11)
FN:29,(anonymous_12)
FN:30,(anonymous_14)
FN:30,(anonymous_15)
FN:54,(anonymous_16)
FN:55,(anonymous_18)
FN:55,(anonymous_19)
FN:76,(anonymous_20)
FNF:11
FNH:4
FNDA:2,(anonymous_7)
FNDA:2,(anonymous_8)
FNDA:0,(anonymous_10)
FNDA:0,(anonymous_11)
FNDA:2,(anonymous_12)
FNDA:0,(anonymous_14)
FNDA:0,(anonymous_15)
FNDA:2,(anonymous_16)
FNDA:0,(anonymous_18)
FNDA:0,(anonymous_19)
FNDA:0,(anonymous_20)
DA:2,2
DA:3,2
DA:7,2
DA:8,2
DA:10,2
DA:12,2
DA:13,2
DA:14,2
DA:15,2
DA:19,2
DA:20,0
DA:21,0
DA:22,0
DA:24,0
DA:30,2
DA:31,0
DA:32,0
DA:33,0
DA:34,0
DA:35,0
DA:36,0
DA:37,0
DA:38,0
DA:47,0
DA:49,0
DA:55,2
DA:56,0
DA:57,0
DA:58,0
DA:59,0
DA:60,0
DA:61,0
DA:62,0
DA:63,0
DA:65,0
DA:68,0
DA:71,0
DA:77,0
DA:78,0
DA:79,0
DA:80,0
DA:81,0
DA:83,0
LF:43
LH:12
BRDA:21,0,0,0
BRDA:21,0,1,0
BRDA:31,1,0,0
BRDA:31,1,1,0
BRDA:36,2,0,0
BRDA:36,2,1,0
BRDA:56,3,0,0
BRDA:56,3,1,0
BRDA:58,4,0,0
BRDA:58,4,1,0
BRDA:59,5,0,0
BRDA:59,5,1,0
BRDA:61,6,0,0
BRDA:61,6,1,0
BRF:14
BRH:0
end_of_record
TN:
SF:src/controllers/FriendController.ts
FN:9,(anonymous_7)
FN:17,(anonymous_8)
FN:18,(anonymous_10)
FN:18,(anonymous_11)
FN:28,(anonymous_12)
FN:29,(anonymous_14)
FN:29,(anonymous_15)
FN:48,(anonymous_16)
FN:49,(anonymous_18)
FN:49,(anonymous_19)
FN:64,(anonymous_20)
FN:65,(anonymous_22)
FN:65,(anonymous_23)
FN:82,(anonymous_24)
FN:90,(anonymous_26)
FN:98,(anonymous_28)
FNF:16
FNH:5
FNDA:2,(anonymous_7)
FNDA:2,(anonymous_8)
FNDA:0,(anonymous_10)
FNDA:0,(anonymous_11)
FNDA:2,(anonymous_12)
FNDA:0,(anonymous_14)
FNDA:0,(anonymous_15)
FNDA:2,(anonymous_16)
FNDA:0,(anonymous_18)
FNDA:0,(anonymous_19)
FNDA:2,(anonymous_20)
FNDA:0,(anonymous_22)
FNDA:0,(anonymous_23)
FNDA:0,(anonymous_24)
FNDA:0,(anonymous_26)
FNDA:0,(anonymous_28)
DA:2,2
DA:3,2
DA:8,2
DA:10,2
DA:11,2
DA:12,2
DA:13,2
DA:14,2
DA:18,2
DA:19,0
DA:20,0
DA:21,0
DA:23,0
DA:29,2
DA:30,0
DA:34,0
DA:35,0
DA:36,0
DA:37,0
DA:38,0
DA:40,0
DA:41,0
DA:43,0
DA:49,2
DA:50,0
DA:51,0
DA:55,0
DA:56,0
DA:57,0
DA:59,0
DA:65,2
DA:66,0
DA:67,0
DA:71,0
DA:72,0
DA:73,0
DA:74,0
DA:76,0
DA:77,0
DA:83,0
DA:84,0
DA:85,0
DA:86,0
DA:87,0
DA:91,0
DA:95,0
DA:99,0
DA:103,0
LF:48
LH:12
BRDA:20,0,0,0
BRDA:20,0,1,0
BRDA:40,1,0,0
BRDA:40,1,1,0
BRDA:50,2,0,0
BRDA:50,2,1,0
BRDA:56,3,0,0
BRDA:56,3,1,0
BRDA:56,4,0,0
BRDA:56,4,1,0
BRDA:66,5,0,0
BRDA:66,5,1,0
BRDA:72,6,0,0
BRDA:72,6,1,0
BRDA:72,7,0,0
BRDA:72,7,1,0
BRF:16
BRH:0
end_of_record
TN:
SF:src/controllers/LikeController.ts
FN:11,(anonymous_7)
FN:17,(anonymous_8)
FN:18,(anonymous_10)
FN:18,(anonymous_11)
FN:28,(anonymous_12)
FN:29,(anonymous_14)
FN:29,(anonymous_15)
FN:33,(anonymous_16)
FN:66,(anonymous_17)
FNF:9
FNH:3
FNDA:2,(anonymous_7)
FNDA:2,(anonymous_8)
FNDA:0,(anonymous_10)
FNDA:0,(anonymous_11)
FNDA:2,(anonymous_12)
FNDA:0,(anonymous_14)
FNDA:0,(anonymous_15)
FNDA:0,(anonymous_16)
FNDA:0,(anonymous_17)
DA:2,2
DA:3,2
DA:6,2
DA:7,2
DA:10,2
DA:12,2
DA:13,2
DA:14,2
DA:18,2
DA:19,0
DA:20,0
DA:21,0
DA:23,0
DA:29,2
DA:30,0
DA:31,0
DA:32,0
DA:33,0
DA:34,0
DA:35,0
DA:36,0
DA:37,0
DA:38,0
DA:39,0
DA:40,0
DA:41,0
DA:47,0
DA:50,0
DA:51,0
DA:52,0
DA:53,0
DA:54,0
DA:60,0
DA:67,0
DA:68,0
DA:69,0
DA:70,0
DA:71,0
DA:73,0
LF:39
LH:10
BRDA:20,0,0,0
BRDA:20,0,1,0
BRDA:30,1,0,0
BRDA:30,1,1,0
BRDA:36,2,0,0
BRDA:36,2,1,0
BRDA:38,3,0,0
BRDA:38,3,1,0
BRDA:51,4,0,0
BRDA:51,4,1,0
BRF:10
BRH:0
end_of_record
TN:
SF:src/controllers/MailerController.ts
FN:8,(anonymous_1)
FN:25,(anonymous_2)
FNF:2
FNH:0
FNDA:0,(anonymous_1)
FNDA:0,(anonymous_2)
DA:1,2
DA:5,2
DA:9,0
DA:18,0
DA:20,0
DA:25,0
DA:26,0
DA:27,0
DA:29,0
DA:30,0
LF:10
LH:2
BRDA:11,0,0,0
BRDA:11,0,1,0
BRDA:11,1,0,0
BRDA:11,1,1,0
BRDA:26,2,0,0
BRDA:26,2,1,0
BRF:6
BRH:0
end_of_record
TN:
SF:src/controllers/MessageController.ts
FN:8,(anonymous_7)
FN:16,(anonymous_8)
FN:17,(anonymous_10)
FN:17,(anonymous_11)
FN:25,(anonymous_12)
FN:34,(anonymous_13)
FN:41,(anonymous_14)
FN:42,(anonymous_16)
FN:42,(anonymous_17)
FN:50,(anonymous_18)
FN:51,(anonymous_20)
FN:51,(anonymous_21)
FN:75,(anonymous_22)
FN:76,(anonymous_23)
FN:99,(anonymous_24)
FN:100,(anonymous_26)
FN:100,(anonymous_27)
FNF:17
FNH:5
FNDA:2,(anonymous_7)
FNDA:2,(anonymous_8)
FNDA:0,(anonymous_10)
FNDA:0,(anonymous_11)
FNDA:0,(anonymous_12)
FNDA:0,(anonymous_13)
FNDA:2,(anonymous_14)
FNDA:0,(anonymous_16)
FNDA:0,(anonymous_17)
FNDA:2,(anonymous_18)
FNDA:0,(anonymous_20)
FNDA:0,(anonymous_21)
FNDA:0,(anonymous_22)
FNDA:0,(anonymous_23)
FNDA:2,(anonymous_24)
FNDA:0,(anonymous_26)
FNDA:0,(anonymous_27)
DA:2,2
DA:3,2
DA:7,2
DA:9,2
DA:10,2
DA:11,2
DA:12,2
DA:13,2
DA:17,2
DA:18,0
DA:19,0
DA:20,0
DA:21,0
DA:22,0
DA:23,0
DA:24,0
DA:25,0
DA:26,0
DA:27,0
DA:28,0
DA:31,0
DA:32,0
DA:33,0
DA:35,0
DA:42,2
DA:43,0
DA:44,0
DA:45,0
DA:46,0
DA:51,2
DA:52,0
DA:53,0
DA:54,0
DA:55,0
DA:56,0
DA:57,0
DA:58,0
DA:59,0
DA:61,0
DA:62,0
DA:63,0
DA:64,0
DA:65,0
DA:66,0
DA:67,0
DA:68,0
DA:71,0
DA:76,0
DA:77,0
DA:78,0
DA:86,0
DA:87,0
DA:96,0
DA:100,2
DA:101,0
DA:105,0
DA:106,0
DA:107,0
DA:109,0
LF:59
LH:12
BRDA:18,0,0,0
BRDA:18,0,1,0
BRDA:27,1,0,0
BRDA:27,1,1,0
BRDA:43,2,0,0
BRDA:43,2,1,0
BRDA:52,3,0,0
BRDA:52,3,1,0
BRDA:63,4,0,0
BRDA:63,4,1,0
BRDA:66,5,0,0
BRDA:66,5,1,0
BRDA:77,6,0,0
BRDA:77,6,1,0
BRDA:86,7,0,0
BRDA:86,7,1,0
BRDA:106,8,0,0
BRDA:106,8,1,0
BRF:18
BRH:0
end_of_record
TN:
SF:src/controllers/PostController.ts
FN:8,(anonymous_7)
FN:18,(anonymous_8)
FN:19,(anonymous_10)
FN:19,(anonymous_11)
FN:30,(anonymous_12)
FN:31,(anonymous_14)
FN:31,(anonymous_15)
FN:42,(anonymous_16)
FN:43,(anonymous_18)
FN:43,(anonymous_19)
FN:58,(anonymous_20)
FN:59,(anonymous_22)
FN:59,(anonymous_23)
FN:74,(anonymous_24)
FN:75,(anonymous_26)
FN:75,(anonymous_27)
FN:89,(anonymous_28)
FN:90,(anonymous_30)
FN:90,(anonymous_31)
FN:113,(anonymous_32)
FNF:20
FNH:7
FNDA:2,(anonymous_7)
FNDA:2,(anonymous_8)
FNDA:0,(anonymous_10)
FNDA:0,(anonymous_11)
FNDA:2,(anonymous_12)
FNDA:0,(anonymous_14)
FNDA:0,(anonymous_15)
FNDA:2,(anonymous_16)
FNDA:0,(anonymous_18)
FNDA:0,(anonymous_19)
FNDA:2,(anonymous_20)
FNDA:0,(anonymous_22)
FNDA:0,(anonymous_23)
FNDA:2,(anonymous_24)
FNDA:0,(anonymous_26)
FNDA:0,(anonymous_27)
FNDA:2,(anonymous_28)
FNDA:0,(anonymous_30)
FNDA:0,(anonymous_31)
FNDA:0,(anonymous_32)
DA:2,2
DA:3,2
DA:7,2
DA:9,2
DA:10,2
DA:11,2
DA:12,2
DA:13,2
DA:14,2
DA:15,2
DA:19,2
DA:20,0
DA:21,0
DA:22,0
DA:23,0
DA:25,0
DA:31,2
DA:32,0
DA:33,0
DA:34,0
DA:35,0
DA:37,0
DA:43,2
DA:44,0
DA:48,0
DA:49,0
DA:50,0
DA:51,0
DA:53,0
DA:59,2
DA:60,0
DA:61,0
DA:62,0
DA:63,0
DA:64,0
DA:66,0
DA:69,0
DA:75,2
DA:76,0
DA:77,0
DA:78,0
DA:79,0
DA:80,0
DA:81,0
DA:82,0
DA:84,0
DA:90,2
DA:91,0
DA:92,0
DA:93,0
DA:94,0
DA:95,0
DA:96,0
DA:97,0
DA:98,0
DA:99,0
DA:100,0
DA:102,0
DA:105,0
DA:108,0
DA:114,0
DA:115,0
DA:116,0
DA:117,0
DA:119,0
LF:65
LH:16
BRDA:20,0,0,0
BRDA:20,0,1,0
BRDA:22,1,0,0
BRDA:22,1,1,0
BRDA:34,2,0,0
BRDA:34,2,1,0
BRDA:50,3,0,0
BRDA:50,3,1,0
BRDA:61,4,0,0
BRDA:61,4,1,0
BRDA:62,5,0,0
BRDA:62,5,1,0
BRDA:63,6,0,0
BRDA:63,6,1,0
BRDA:76,7,0,0
BRDA:76,7,1,0
BRDA:81,8,0,0
BRDA:81,8,1,0
BRDA:92,9,0,0
BRDA:92,9,1,0
BRDA:93,10,0,0
BRDA:93,10,1,0
BRDA:94,11,0,0
BRDA:94,11,1,0
BRDA:99,12,0,0
BRDA:99,12,1,0
BRF:26
BRH:0
end_of_record
TN:
SF:src/controllers/UserController.ts
FN:14,(anonymous_17)
FN:27,(anonymous_18)
FN:28,(anonymous_20)
FN:28,(anonymous_21)
FN:52,(anonymous_22)
FN:53,(anonymous_24)
FN:53,(anonymous_25)
FN:81,(anonymous_26)
FN:82,(anonymous_28)
FN:82,(anonymous_29)
FN:106,(anonymous_30)
FN:107,(anonymous_32)
FN:107,(anonymous_33)
FN:140,(anonymous_34)
FN:141,(anonymous_36)
FN:141,(anonymous_37)
FN:146,(anonymous_38)
FN:147,(anonymous_40)
FN:147,(anonymous_41)
FN:163,(anonymous_42)
FN:164,(anonymous_44)
FN:164,(anonymous_45)
FN:189,(anonymous_46)
FN:191,(anonymous_48)
FN:191,(anonymous_49)
FN:198,(anonymous_50)
FN:212,(anonymous_51)
FN:213,(anonymous_53)
FN:213,(anonymous_54)
FNF:29
FNH:24
FNDA:2,(anonymous_17)
FNDA:2,(anonymous_18)
FNDA:3,(anonymous_20)
FNDA:3,(anonymous_21)
FNDA:2,(anonymous_22)
FNDA:4,(anonymous_24)
FNDA:4,(anonymous_25)
FNDA:2,(anonymous_26)
FNDA:3,(anonymous_28)
FNDA:3,(anonymous_29)
FNDA:2,(anonymous_30)
FNDA:4,(anonymous_32)
FNDA:4,(anonymous_33)
FNDA:2,(anonymous_34)
FNDA:1,(anonymous_36)
FNDA:1,(anonymous_37)
FNDA:2,(anonymous_38)
FNDA:3,(anonymous_40)
FNDA:3,(anonymous_41)
FNDA:2,(anonymous_42)
FNDA:4,(anonymous_44)
FNDA:4,(anonymous_45)
FNDA:2,(anonymous_46)
FNDA:0,(anonymous_48)
FNDA:0,(anonymous_49)
FNDA:0,(anonymous_50)
FNDA:2,(anonymous_51)
FNDA:0,(anonymous_53)
FNDA:0,(anonymous_54)
DA:2,2
DA:3,2
DA:4,2
DA:6,2
DA:7,2
DA:8,2
DA:9,2
DA:10,2
DA:11,2
DA:13,2
DA:15,2
DA:16,2
DA:17,2
DA:18,2
DA:19,2
DA:20,2
DA:21,2
DA:22,2
DA:23,2
DA:24,2
DA:28,3
DA:29,3
DA:30,3
DA:31,1
DA:33,2
DA:34,2
DA:35,2
DA:36,2
DA:37,1
DA:38,1
DA:39,1
DA:46,1
DA:53,4
DA:54,4
DA:55,4
DA:56,3
DA:57,3
DA:58,3
DA:59,2
DA:60,1
DA:61,1
DA:70,1
DA:73,1
DA:76,1
DA:82,3
DA:83,3
DA:84,3
DA:85,2
DA:86,2
DA:87,1
DA:89,1
DA:91,2
DA:92,2
DA:93,2
DA:94,2
DA:99,2
DA:101,1
DA:107,4
DA:108,4
DA:109,4
DA:110,3
DA:111,3
DA:112,2
DA:113,2
DA:114,2
DA:117,2
DA:118,2
DA:119,1
DA:120,1
DA:121,1
DA:122,1
DA:129,1
DA:132,1
DA:135,1
DA:141,2
DA:142,1
DA:147,3
DA:148,3
DA:149,3
DA:150,1
DA:151,1
DA:153,2
DA:154,2
DA:155,1
DA:157,1
DA:164,4
DA:165,4
DA:166,4
DA:167,1
DA:168,1
DA:170,3
DA:171,3
DA:172,3
DA:173,2
DA:176,2
DA:177,2
DA:178,1
DA:180,1
DA:183,1
DA:190,2
DA:191,2
DA:192,0
DA:193,0
DA:194,0
DA:195,0
DA:197,0
DA:198,0
DA:199,0
DA:200,0
DA:201,0
DA:203,0
DA:207,0
DA:213,2
DA:214,0
DA:215,0
DA:216,0
DA:217,0
DA:218,0
DA:219,0
DA:221,0
DA:222,0
DA:223,0
DA:224,0
DA:225,0
LF:124
LH:102
BRDA:29,0,0,3
BRDA:29,0,1,1
BRDA:30,1,0,1
BRDA:30,1,1,2
BRDA:30,2,0,3
BRDA:30,2,1,3
BRDA:30,2,2,1
BRDA:33,3,0,2
BRDA:33,3,1,1
BRDA:36,4,0,1
BRDA:36,4,1,1
BRDA:54,5,0,4
BRDA:54,5,1,1
BRDA:55,6,0,3
BRDA:55,6,1,1
BRDA:55,7,0,4
BRDA:55,7,1,4
BRDA:55,7,2,3
BRDA:56,8,0,3
BRDA:56,8,1,3
BRDA:59,9,0,1
BRDA:59,9,1,1
BRDA:83,10,0,3
BRDA:83,10,1,1
BRDA:84,11,0,2
BRDA:84,11,1,1
BRDA:84,12,0,3
BRDA:84,12,1,3
BRDA:84,12,2,2
BRDA:85,13,0,2
BRDA:85,13,1,1
BRDA:86,14,0,1
BRDA:86,14,1,1
BRDA:86,15,0,2
BRDA:86,15,1,2
BRDA:108,16,0,4
BRDA:108,16,1,1
BRDA:109,17,0,3
BRDA:109,17,1,1
BRDA:109,18,0,4
BRDA:109,18,1,4
BRDA:109,18,2,3
BRDA:110,19,0,3
BRDA:110,19,1,1
BRDA:111,20,0,2
BRDA:111,20,1,1
BRDA:111,21,0,3
BRDA:111,21,1,3
BRDA:113,22,0,2
BRDA:113,22,1,2
BRDA:118,23,0,1
BRDA:118,23,1,1
BRDA:148,24,0,3
BRDA:148,24,1,0
BRDA:149,25,0,1
BRDA:149,25,1,2
BRDA:154,26,0,1
BRDA:154,26,1,1
BRDA:165,27,0,4
BRDA:165,27,1,0
BRDA:166,28,0,1
BRDA:166,28,1,3
BRDA:170,29,0,3
BRDA:170,29,1,3
BRDA:172,30,0,2
BRDA:172,30,1,1
BRDA:177,31,0,1
BRDA:177,31,1,1
BRDA:192,32,0,0
BRDA:192,32,1,0
BRDA:193,33,0,0
BRDA:193,33,1,0
BRDA:197,34,0,0
BRDA:197,34,1,0
BRDA:199,35,0,0
BRDA:199,35,1,0
BRDA:199,36,0,0
BRDA:199,36,1,0
BRDA:215,37,0,0
BRDA:215,37,1,0
BRDA:215,38,0,0
BRDA:215,38,1,0
BRDA:215,38,2,0
BRDA:217,39,0,0
BRDA:217,39,1,0
BRF:85
BRH:66
end_of_record
TN:
SF:src/controllers/WebSocketController.ts
FN:12,(anonymous_7)
FN:20,(anonymous_8)
FN:24,(anonymous_9)
FN:37,(anonymous_11)
FN:37,(anonymous_12)
FN:47,(anonymous_13)
FN:48,(anonymous_14)
FN:48,(anonymous_15)
FN:54,(anonymous_16)
FN:63,(anonymous_17)
FN:68,(anonymous_18)
FN:69,(anonymous_19)
FN:73,(anonymous_20)
FN:74,(anonymous_21)
FN:74,(anonymous_22)
FNF:15
FNH:2
FNDA:2,(anonymous_7)
FNDA:0,(anonymous_8)
FNDA:0,(anonymous_9)
FNDA:0,(anonymous_11)
FNDA:0,(anonymous_12)
FNDA:0,(anonymous_13)
FNDA:0,(anonymous_14)
FNDA:0,(anonymous_15)
FNDA:0,(anonymous_16)
FNDA:0,(anonymous_17)
FNDA:0,(anonymous_18)
FNDA:0,(anonymous_19)
FNDA:2,(anonymous_20)
FNDA:0,(anonymous_21)
FNDA:0,(anonymous_22)
DA:2,2
DA:4,2
DA:8,2
DA:9,2
DA:13,2
DA:16,2
DA:17,2
DA:21,0
DA:25,0
DA:26,0
DA:27,0
DA:28,0
DA:29,0
DA:34,0
DA:35,0
DA:36,0
DA:37,0
DA:38,0
DA:39,0
DA:40,0
DA:48,0
DA:49,0
DA:50,0
DA:51,0
DA:52,0
DA:53,0
DA:54,0
DA:55,0
DA:56,0
DA:64,0
DA:65,0
DA:66,0
DA:67,0
DA:68,0
DA:69,0
DA:70,0
DA:74,2
DA:75,0
DA:76,0
DA:79,2
LF:40
LH:9
BRDA:28,0,0,0
BRDA:28,0,1,0
BRDA:28,1,0,0
BRDA:28,1,1,0
BRDA:35,2,0,0
BRDA:35,2,1,0
BRDA:38,3,0,0
BRDA:38,3,1,0
BRDA:38,4,0,0
BRDA:38,4,1,0
BRDA:38,4,2,0
BRDA:49,5,0,0
BRDA:49,5,1,0
BRDA:49,6,0,0
BRDA:49,6,1,0
BRDA:49,6,2,0
BRDA:52,7,0,0
BRDA:52,7,1,0
BRDA:75,8,0,0
BRDA:75,8,1,0
BRDA:75,9,0,0
BRDA:75,9,1,0
BRF:22
BRH:0
end_of_record
TN:
SF:src/middlewares/UserMiddleware.ts
FN:7,(anonymous_16)
FNF:1
FNH:1
FNDA:9,(anonymous_16)
DA:2,2
DA:3,2
DA:6,2
DA:8,9
DA:9,9
DA:10,9
DA:11,9
DA:12,9
DA:13,8
DA:14,8
DA:15,8
DA:16,8
DA:17,8
DA:19,1
LF:14
LH:14
BRDA:8,0,0,9
BRDA:8,0,1,0
BRDA:8,1,0,9
BRDA:8,1,1,9
BRDA:8,2,0,0
BRDA:8,2,1,9
BRDA:8,3,0,9
BRDA:8,3,1,9
BRDA:9,4,0,9
BRDA:9,4,1,9
BRDA:11,5,0,9
BRDA:11,5,1,1
BRDA:12,6,0,8
BRDA:12,6,1,1
BRDA:12,7,0,9
BRDA:12,7,1,9
BRDA:12,7,2,8
BRF:17
BRH:15
end_of_record
TN:
SF:src/models/DataBase.ts
FN:6,(anonymous_8)
FN:20,(anonymous_10)
FN:30,(anonymous_12)
FN:40,(anonymous_14)
FN:50,(anonymous_16)
FN:56,(anonymous_18)
FN:69,(anonymous_19)
FN:75,(anonymous_21)
FN:88,(anonymous_22)
FN:98,(anonymous_24)
FN:108,(anonymous_26)
FN:118,(anonymous_28)
FN:126,(anonymous_30)
FN:140,(anonymous_31)
FN:146,(anonymous_33)
FN:161,(anonymous_34)
FNF:16
FNH:1
FNDA:2,(anonymous_8)
FNDA:0,(anonymous_10)
FNDA:0,(anonymous_12)
FNDA:0,(anonymous_14)
FNDA:0,(anonymous_16)
FNDA:0,(anonymous_18)
FNDA:0,(anonymous_19)
FNDA:0,(anonymous_21)
FNDA:0,(anonymous_22)
FNDA:0,(anonymous_24)
FNDA:0,(anonymous_26)
FNDA:0,(anonymous_28)
FNDA:0,(anonymous_30)
FNDA:0,(anonymous_31)
FNDA:0,(anonymous_33)
FNDA:0,(anonymous_34)
DA:1,2
DA:3,2
DA:7,2
DA:8,2
DA:21,0
DA:22,0
DA:23,0
DA:25,0
DA:26,0
DA:31,0
DA:32,0
DA:33,0
DA:35,0
DA:36,0
DA:41,0
DA:42,0
DA:43,0
DA:45,0
DA:46,0
DA:51,0
DA:52,0
DA:53,0
DA:54,0
DA:55,0
DA:56,0
DA:57,0
DA:58,0
DA:60,0
DA:61,0
DA:62,0
DA:64,0
DA:65,0
DA:70,0
DA:71,0
DA:72,0
DA:73,0
DA:74,0
DA:75,0
DA:76,0
DA:77,0
DA:79,0
DA:80,0
DA:81,0
DA:83,0
DA:84,0
DA:89,0
DA:90,0
DA:91,0
DA:93,0
DA:94,0
DA:99,0
DA:100,0
DA:101,0
DA:103,0
DA:104,0
DA:109,0
DA:110,0
DA:111,0
DA:113,0
DA:114,0
DA:119,0
DA:120,0
DA:121,0
DA:122,0
DA:123,0
DA:124,0
DA:125,0
DA:126,0
DA:127,0
DA:128,0
DA:130,0
DA:131,0
DA:132,0
DA:133,0
DA:135,0
DA:136,0
DA:141,0
DA:142,0
DA:143,0
DA:144,0
DA:145,0
DA:146,0
DA:147,0
DA:148,0
DA:150,0
DA:151,0
DA:152,0
DA:153,0
DA:154,0
DA:156,0
DA:157,0
DA:162,0
DA:163,0
DA:164,0
DA:165,0
DA:166,0
DA:167,0
DA:168,0
DA:169,0
DA:171,0
DA:172,0
LF:101
LH:4
BRDA:7,0,0,2
BRDA:7,0,1,0
BRDA:10,1,0,2
BRDA:10,1,1,0
BRDA:14,2,0,2
BRDA:14,2,1,0
BRDA:14,3,0,2
BRDA:14,3,1,2
BRF:8
BRH:5
end_of_record
TN:
SF:src/utils/multer-util.ts
FN:4,(anonymous_1)
FN:6,(anonymous_2)
FN:9,(anonymous_3)
FN:15,(anonymous_4)
FN:16,(anonymous_5)
FNF:5
FNH:1
FNDA:2,(anonymous_1)
FNDA:0,(anonymous_2)
FNDA:0,(anonymous_3)
FNDA:0,(anonymous_4)
FNDA:0,(anonymous_5)
DA:1,2
DA:3,2
DA:5,2
DA:7,0
DA:10,0
DA:13,2
DA:16,0
DA:17,0
DA:18,0
LF:9
LH:4
BRDA:17,0,0,0
BRDA:17,0,1,0
BRF:2
BRH:0
end_of_record
TN:
SF:src/utils/sharp-util.ts
FN:4,(anonymous_1)
FN:10,(anonymous_2)
FN:13,(anonymous_3)
FNF:3
FNH:0
FNDA:0,(anonymous_1)
FNDA:0,(anonymous_2)
FNDA:0,(anonymous_3)
DA:1,2
DA:3,2
DA:5,0
DA:6,0
DA:11,0
DA:14,0
DA:17,0
LF:7
LH:2
BRF:0
BRH:0
end_of_record
TN:
SF:src/utils/template-util.ts
FN:4,(anonymous_0)
FNF:1
FNH:1
FNDA:2,(anonymous_0)
DA:1,2
DA:3,2
DA:5,2
DA:6,2
DA:7,4
DA:8,4
DA:10,2
LF:7
LH:7
BRF:0
BRH:0
end_of_record
